Log file open, 03/25/22 10:27:49
LogWindows: Failed to load 'aqProf.dll' (GetLastError=126)
LogWindows: File 'aqProf.dll' does not exist
LogWindows: Failed to load 'VtuneApi.dll' (GetLastError=126)
LogWindows: File 'VtuneApi.dll' does not exist
LogWindows: Failed to load 'VtuneApi32e.dll' (GetLastError=126)
LogWindows: File 'VtuneApi32e.dll' does not exist
LogConsoleResponse: Display: Failed to find resolution value strings in scalability ini. Falling back to default.
LogConsoleResponse: Display: Failed to find resolution value strings in scalability ini. Falling back to default.
LogInit: Display: Running engine for game: IDLT
LogPlatformFile: Not using cached read wrapper
LogTaskGraph: Started task graph with 5 named threads and 47 total threads with 3 sets of task threads.
LogStats: Stats thread started at 0.233746
LogICUInternationalization: ICU TimeZone Detection - Raw Offset: +1:00, Platform Override: ''
LogInit: Display: Loading text-based GConfig....
LogPluginManager: Mounting plugin MeshPainting
LogPluginManager: Mounting plugin XGEController
LogPluginManager: Mounting plugin Paper2D
LogPluginManager: Mounting plugin AISupport
LogPluginManager: Mounting plugin EnvironmentQueryEditor
LogPluginManager: Mounting plugin LightPropagationVolume
LogPluginManager: Mounting plugin AnimationSharing
LogPluginManager: Mounting plugin OodleNetwork
LogPluginManager: Mounting plugin NullSourceCodeAccess
LogPluginManager: Mounting plugin CLionSourceCodeAccess
LogPluginManager: Mounting plugin OodleData
LogPluginManager: Mounting plugin PixWinPlugin
LogPluginManager: Mounting plugin LiveLink
LogPluginManager: Mounting plugin KDevelopSourceCodeAccess
LogPluginManager: Mounting plugin CodeLiteSourceCodeAccess
LogPluginManager: Mounting plugin PerforceSourceControl
LogPluginManager: Mounting plugin PluginUtils
LogPluginManager: Mounting plugin RiderSourceCodeAccess
LogPluginManager: Mounting plugin PropertyAccessNode
LogPluginManager: Mounting plugin GitSourceControl
LogPluginManager: Mounting plugin SubversionSourceControl
LogPluginManager: Mounting plugin TextureFormatOodle
LogPluginManager: Mounting plugin PlasticSourceControl
LogPluginManager: Mounting plugin UObjectPlugin
LogPluginManager: Mounting plugin VisualStudioSourceCodeAccess
LogPluginManager: Mounting plugin VisualStudioCodeSourceCodeAccess
LogPluginManager: Mounting plugin XCodeSourceCodeAccess
LogPluginManager: Mounting plugin GameplayCameras
LogPluginManager: Mounting plugin Niagara
LogPluginManager: Mounting plugin CameraShakePreviewer
LogPluginManager: Mounting plugin DatasmithContent
LogPluginManager: Mounting plugin VariantManagerContent
LogPluginManager: Mounting plugin LuminPlatformFeatures
LogPluginManager: Mounting plugin MagicLeap
LogPluginManager: Mounting plugin AutomationUtils
LogPluginManager: Mounting plugin BackChannel
LogPluginManager: Mounting plugin ChaosCloth
LogPluginManager: Mounting plugin TcpMessaging
LogPluginManager: Mounting plugin ChaosNiagara
LogPluginManager: Mounting plugin AlembicImporter
LogPluginManager: Mounting plugin AssetManagerEditor
LogPluginManager: Mounting plugin ChaosEditor
LogPluginManager: Mounting plugin ChaosClothEditor
LogPluginManager: Mounting plugin ChaosSolverPlugin
LogPluginManager: Mounting plugin OnlineSubsystem
LogPluginManager: Mounting plugin CharacterAI
LogPluginManager: Mounting plugin MagicLeapLightEstimation
LogPluginManager: Mounting plugin MagicLeapMedia
LogPluginManager: Mounting plugin OnlineSubsystemNull
LogPluginManager: Mounting plugin MagicLeapPassableWorld
LogPluginManager: Mounting plugin MLSDK
LogPluginManager: Mounting plugin ActorSequence
LogPluginManager: Mounting plugin OnlineSubsystemUtils
LogPluginManager: Mounting plugin CryptoKeys
LogPluginManager: Mounting plugin LevelSequenceEditor
LogPluginManager: Mounting plugin MatineeToLevelSequence
LogPluginManager: Mounting plugin LauncherChunkInstaller
LogPluginManager: Mounting plugin CurveEditorTools
LogPluginManager: Mounting plugin DataValidation
LogPluginManager: Mounting plugin GeometryMode
LogPluginManager: Mounting plugin FacialAnimation
LogPluginManager: Mounting plugin MaterialAnalyzer
LogPluginManager: Mounting plugin MacGraphicsSwitching
LogPluginManager: Mounting plugin PluginBrowser
LogPluginManager: Mounting plugin GeometryCache
LogPluginManager: Mounting plugin SpeedTreeImporter
LogPluginManager: Mounting plugin MobileLauncherProfileWizard
LogPluginManager: Mounting plugin TemplateSequence
LogPluginManager: Mounting plugin GeometryCollectionPlugin
LogPluginManager: Mounting plugin AndroidMedia
LogPluginManager: Mounting plugin GameplayTagsEditor
LogPluginManager: Mounting plugin ImgMedia
LogPluginManager: Mounting plugin MediaPlayerEditor
LogPluginManager: Mounting plugin MediaCompositing
LogPluginManager: Mounting plugin WebMMedia
LogPluginManager: Mounting plugin WmfMedia
LogPluginManager: Mounting plugin GeometryProcessing
LogPluginManager: Mounting plugin AvfMedia
LogPluginManager: Mounting plugin ActorLayerUtilities
LogPluginManager: Mounting plugin MotoSynth
LogPluginManager: Mounting plugin OpenImageDenoise
LogPluginManager: Mounting plugin AndroidMoviePlayer
LogPluginManager: Mounting plugin AndroidPermission
LogPluginManager: Mounting plugin PlanarCut
LogPluginManager: Mounting plugin PlatformCrypto
LogPluginManager: Mounting plugin ProxyLODPlugin
LogPluginManager: Mounting plugin PythonScriptPlugin
LogPluginManager: Mounting plugin AppleMoviePlayer
LogPluginManager: Mounting plugin AppleImageUtils
LogPluginManager: Mounting plugin ArchVisCharacter
LogPluginManager: Mounting plugin AssetTags
LogPluginManager: Mounting plugin AudioCapture
LogPluginManager: Mounting plugin AndroidDeviceProfileSelector
LogPluginManager: Mounting plugin CableComponent
LogPluginManager: Mounting plugin AudioSynesthesia
LogPluginManager: Mounting plugin ChunkDownloader
LogPluginManager: Mounting plugin ExampleDeviceProfileSelector
LogPluginManager: Mounting plugin CustomMeshComponent
LogPluginManager: Mounting plugin EditableMesh
LogPluginManager: Mounting plugin GoogleCloudMessaging
LogPluginManager: Mounting plugin GooglePAD
LogPluginManager: Mounting plugin SkeletalReduction
LogPluginManager: Mounting plugin ScreenshotTools
LogPluginManager: Mounting plugin LinuxDeviceProfileSelector
LogPluginManager: Mounting plugin IOSDeviceProfileSelector
LogPluginManager: Mounting plugin LocationServicesBPLibrary
LogPluginManager: Mounting plugin MobilePatchingUtils
LogPluginManager: Mounting plugin OpenXREyeTracker
LogPluginManager: Mounting plugin OpenXR
LogPluginManager: Mounting plugin OpenXRHandTracking
LogPluginManager: Mounting plugin PhysXVehicles
LogPluginManager: Mounting plugin PostSplashScreen
LogPluginManager: Mounting plugin Takes
LogPluginManager: Mounting plugin ProceduralMeshComponent
LogPluginManager: Mounting plugin PropertyAccessEditor
LogPluginManager: Mounting plugin SignificanceManager
LogPluginManager: Mounting plugin RuntimePhysXCooking
LogPluginManager: Mounting plugin SoundFields
LogPluginManager: Mounting plugin UdpMessaging
LogPluginManager: Mounting plugin Synthesis
LogPluginManager: Mounting plugin WebMMoviePlayer
LogPluginManager: Mounting plugin WindowsMoviePlayer
LogPluginManager: Mounting plugin OnlineSubsystemGooglePlay
LogPluginManager: Mounting plugin OnlineSubsystemIOS
LogPluginManager: Mounting plugin ContentBrowserClassDataSource
LogPluginManager: Mounting plugin ContentBrowserFileDataSource
LogPluginManager: Mounting plugin ContentBrowserAssetDataSource
LogPluginManager: Mounting plugin OculusVR
LogPluginManager: Mounting plugin SteamVR
PixWinPlugin: PIX capture plugin failed to initialize! Check that the process is launched from PIX.
LogInit: Using libcurl 7.55.1-DEV
LogInit:  - built for x86_64-pc-win32
LogInit:  - supports SSL with OpenSSL/1.1.1
LogInit:  - supports HTTP deflate (compression) using libz 1.2.8
LogInit:  - other features:
LogInit:      CURL_VERSION_SSL
LogInit:      CURL_VERSION_LIBZ
LogInit:      CURL_VERSION_IPV6
LogInit:      CURL_VERSION_ASYNCHDNS
LogInit:      CURL_VERSION_LARGEFILE
LogInit:      CURL_VERSION_IDN
LogInit:  CurlRequestOptions (configurable via config and command line):
LogInit:  - bVerifyPeer = true  - Libcurl will verify peer certificate
LogInit:  - bUseHttpProxy = false  - Libcurl will NOT use HTTP proxy
LogInit:  - bDontReuseConnections = false  - Libcurl will reuse connections
LogInit:  - MaxHostConnections = 16  - Libcurl will limit the number of connections to a host
LogInit:  - LocalHostAddr = Default
LogInit:  - BufferSize = 65536
LogOnline: OSS: Creating online subsystem instance for: NULL
LogInit: WinSock: version 1.1 (2.2), MaxSocks=32767, MaxUdp=65467
LogOnline: OSS: TryLoadSubsystemAndSetDefault: Loaded subsystem for module [NULL]
LogLuminAPIImpl: Warning: MLSDK not found.  This likely means the MLSDK environment variable is not set.
LogOculusPluginWrapper: OculusPlugin initialized successfully
LogHMD: Failed initializing OVRPlugin 1.59.0
LogInit: Build: ++UE4+Release-4.27-CL-18319896
LogInit: Engine Version: 4.27.2-18319896+++UE4+Release-4.27
LogInit: Compatible Engine Version: 4.27.0-17155196+++UE4+Release-4.27
LogInit: Net CL: 17155196
LogInit: OS: Windows 10 (Release 2009) (), CPU: AMD Ryzen 7 3700X 8-Core Processor             , GPU: NVIDIA GeForce RTX 2070 SUPER
LogInit: Compiled (64-bit): Nov 30 2021 07:12:08
LogInit: Compiled with Visual C++: 19.24.28315.00
LogInit: Build Configuration: Development
LogInit: Branch Name: ++UE4+Release-4.27
LogInit: Command Line:  -EpicPortal -epicusername=Gobgrazz -epicuserid=44a0ab5f3c8e4cb38d7685b26f0103d0 -epiclocale=en -epicsandboxid=ue
LogInit: Base Directory: C:/Program Files/Epic Games/UE_4.27/Engine/Binaries/Win64/
LogInit: Allocator: TBB
LogInit: Installed Engine Build: 1
LogDevObjectVersion: Number of dev versions registered: 29
LogDevObjectVersion:   Dev-Blueprints (B0D832E4-1F89-4F0D-ACCF-7EB736FD4AA2): 10
LogDevObjectVersion:   Dev-Build (E1C64328-A22C-4D53-A36C-8E866417BD8C): 0
LogDevObjectVersion:   Dev-Core (375EC13C-06E4-48FB-B500-84F0262A717E): 4
LogDevObjectVersion:   Dev-Editor (E4B068ED-F494-42E9-A231-DA0B2E46BB41): 40
LogDevObjectVersion:   Dev-Framework (CFFC743F-43B0-4480-9391-14DF171D2073): 37
LogDevObjectVersion:   Dev-Mobile (B02B49B5-BB20-44E9-A304-32B752E40360): 3
LogDevObjectVersion:   Dev-Networking (A4E4105C-59A1-49B5-A7C5-40C4547EDFEE): 0
LogDevObjectVersion:   Dev-Online (39C831C9-5AE6-47DC-9A44-9C173E1C8E7C): 0
LogDevObjectVersion:   Dev-Physics (78F01B33-EBEA-4F98-B9B4-84EACCB95AA2): 14
LogDevObjectVersion:   Dev-Platform (6631380F-2D4D-43E0-8009-CF276956A95A): 0
LogDevObjectVersion:   Dev-Rendering (12F88B9F-8875-4AFC-A67C-D90C383ABD29): 45
LogDevObjectVersion:   Dev-Sequencer (7B5AE74C-D270-4C10-A958-57980B212A5A): 13
LogDevObjectVersion:   Dev-VR (D7296918-1DD6-4BDD-9DE2-64A83CC13884): 3
LogDevObjectVersion:   Dev-LoadTimes (C2A15278-BFE7-4AFE-6C17-90FF531DF755): 1
LogDevObjectVersion:   Private-Geometry (6EACA3D4-40EC-4CC1-B786-8BED09428FC5): 3
LogDevObjectVersion:   Dev-AnimPhys (29E575DD-E0A3-4627-9D10-D276232CDCEA): 17
LogDevObjectVersion:   Dev-Anim (AF43A65D-7FD3-4947-9873-3E8ED9C1BB05): 15
LogDevObjectVersion:   Dev-ReflectionCapture (6B266CEC-1EC7-4B8F-A30B-E4D90942FC07): 1
LogDevObjectVersion:   Dev-Automation (0DF73D61-A23F-47EA-B727-89E90C41499A): 1
LogDevObjectVersion:   FortniteMain (601D1886-AC64-4F84-AA16-D3DE0DEAC7D6): 47
LogDevObjectVersion:   FortniteRelease (E7086368-6B23-4C58-8439-1B7016265E91): 1
LogDevObjectVersion:   Dev-Enterprise (9DFFBCD6-494F-0158-E221-12823C92A888): 10
LogDevObjectVersion:   Dev-Niagara (F2AED0AC-9AFE-416F-8664-AA7FFA26D6FC): 1
LogDevObjectVersion:   Dev-Destruction (174F1F0B-B4C6-45A5-B13F-2EE8D0FB917D): 10
LogDevObjectVersion:   Dev-Physics-Ext (35F94A83-E258-406C-A318-09F59610247C): 41
LogDevObjectVersion:   Dev-PhysicsMaterial-Chaos (B68FC16E-8B1B-42E2-B453-215C058844FE): 1
LogDevObjectVersion:   Dev-CineCamera (B2E18506-4273-CFC2-A54E-F4BB758BBA07): 1
LogDevObjectVersion:   Dev-VirtualProduction (64F58936-FD1B-42BA-BA96-7289D5D0FA4E): 1
LogDevObjectVersion:   Dev-MediaFramework (6F0ED827-A609-4895-9C91-998D90180EA4): 2
LogInit: Presizing for max 25165824 objects, including 0 objects not considered by GC, pre-allocating 0 bytes for permanent pool.
LogConfig: Applying CVar settings from Section [/Script/Engine.StreamingSettings] File [C:/Users/maxim/Documents/IDLT/IDLT/Saved/Config/Windows/Engine.ini]
LogConfig: Setting CVar [[s.MinBulkDataSizeForAsyncLoading:131072]]
LogConfig: Setting CVar [[s.AsyncLoadingThreadEnabled:0]]
LogConfig: Setting CVar [[s.EventDrivenLoaderEnabled:1]]
LogConfig: Setting CVar [[s.WarnIfTimeLimitExceeded:0]]
LogConfig: Setting CVar [[s.TimeLimitExceededMultiplier:1.5]]
LogConfig: Setting CVar [[s.TimeLimitExceededMinTime:0.005]]
LogConfig: Setting CVar [[s.UseBackgroundLevelStreaming:1]]
LogConfig: Setting CVar [[s.PriorityAsyncLoadingExtraTime:15.0]]
LogConfig: Setting CVar [[s.LevelStreamingActorsUpdateTimeLimit:5.0]]
LogConfig: Setting CVar [[s.PriorityLevelStreamingActorsUpdateExtraTime:5.0]]
LogConfig: Setting CVar [[s.LevelStreamingComponentsRegistrationGranularity:10]]
LogConfig: Setting CVar [[s.UnregisterComponentsTimeLimit:1.0]]
LogConfig: Setting CVar [[s.LevelStreamingComponentsUnregistrationGranularity:5]]
LogConfig: Setting CVar [[s.FlushStreamingOnExit:1]]
LogInit: Object subsystem initialized
LogConfig: Setting CVar [[con.DebugEarlyDefault:1]]
LogConfig: Setting CVar [[r.setres:1280x720]]
[2022.03.25-09.27.49:953][  0]LogConfig: Setting CVar [[r.VSync:0]]
[2022.03.25-09.27.49:953][  0]LogConfig: Setting CVar [[r.RHICmdBypass:0]]
[2022.03.25-09.27.49:953][  0]LogConfig: Applying CVar settings from Section [/Script/Engine.RendererSettings] File [C:/Users/maxim/Documents/IDLT/IDLT/Saved/Config/Windows/Engine.ini]
[2022.03.25-09.27.49:953][  0]LogConfig: Setting CVar [[r.GPUCrashDebugging:0]]
[2022.03.25-09.27.49:953][  0]LogConfig: Applying CVar settings from Section [/Script/Engine.RendererOverrideSettings] File [C:/Users/maxim/Documents/IDLT/IDLT/Saved/Config/Windows/Engine.ini]
[2022.03.25-09.27.49:953][  0]LogConfig: Applying CVar settings from Section [/Script/Engine.StreamingSettings] File [C:/Users/maxim/Documents/IDLT/IDLT/Saved/Config/Windows/Engine.ini]
[2022.03.25-09.27.49:953][  0]LogConfig: Setting CVar [[s.MinBulkDataSizeForAsyncLoading:131072]]
[2022.03.25-09.27.49:953][  0]LogConfig: Setting CVar [[s.AsyncLoadingThreadEnabled:0]]
[2022.03.25-09.27.49:953][  0]LogConfig: Setting CVar [[s.EventDrivenLoaderEnabled:1]]
[2022.03.25-09.27.49:953][  0]LogConfig: Setting CVar [[s.WarnIfTimeLimitExceeded:0]]
[2022.03.25-09.27.49:953][  0]LogConfig: Setting CVar [[s.TimeLimitExceededMultiplier:1.5]]
[2022.03.25-09.27.49:953][  0]LogConfig: Setting CVar [[s.TimeLimitExceededMinTime:0.005]]
[2022.03.25-09.27.49:953][  0]LogConfig: Setting CVar [[s.UseBackgroundLevelStreaming:1]]
[2022.03.25-09.27.49:953][  0]LogConfig: Setting CVar [[s.PriorityAsyncLoadingExtraTime:15.0]]
[2022.03.25-09.27.49:953][  0]LogConfig: Setting CVar [[s.LevelStreamingActorsUpdateTimeLimit:5.0]]
[2022.03.25-09.27.49:953][  0]LogConfig: Setting CVar [[s.PriorityLevelStreamingActorsUpdateExtraTime:5.0]]
[2022.03.25-09.27.49:953][  0]LogConfig: Setting CVar [[s.LevelStreamingComponentsRegistrationGranularity:10]]
[2022.03.25-09.27.49:953][  0]LogConfig: Setting CVar [[s.UnregisterComponentsTimeLimit:1.0]]
[2022.03.25-09.27.49:953][  0]LogConfig: Setting CVar [[s.LevelStreamingComponentsUnregistrationGranularity:5]]
[2022.03.25-09.27.49:953][  0]LogConfig: Setting CVar [[s.FlushStreamingOnExit:1]]
[2022.03.25-09.27.49:953][  0]LogConfig: Applying CVar settings from Section [/Script/Engine.GarbageCollectionSettings] File [C:/Users/maxim/Documents/IDLT/IDLT/Saved/Config/Windows/Engine.ini]
[2022.03.25-09.27.49:953][  0]LogConfig: Setting CVar [[gc.MaxObjectsNotConsideredByGC:1]]
[2022.03.25-09.27.49:953][  0]LogConfig: Setting CVar [[gc.SizeOfPermanentObjectPool:0]]
[2022.03.25-09.27.49:953][  0]LogConfig: Setting CVar [[gc.FlushStreamingOnGC:0]]
[2022.03.25-09.27.49:953][  0]LogConfig: Setting CVar [[gc.NumRetriesBeforeForcingGC:10]]
[2022.03.25-09.27.49:953][  0]LogConfig: Setting CVar [[gc.AllowParallelGC:1]]
[2022.03.25-09.27.49:953][  0]LogConfig: Setting CVar [[gc.TimeBetweenPurgingPendingKillObjects:61.1]]
[2022.03.25-09.27.49:953][  0]LogConfig: Setting CVar [[gc.MaxObjectsInEditor:25165824]]
[2022.03.25-09.27.49:953][  0]LogConfig: Setting CVar [[gc.IncrementalBeginDestroyEnabled:1]]
[2022.03.25-09.27.49:953][  0]LogConfig: Setting CVar [[gc.CreateGCClusters:1]]
[2022.03.25-09.27.49:953][  0]LogConfig: Setting CVar [[gc.MinGCClusterSize:5]]
[2022.03.25-09.27.49:953][  0]LogConfig: Setting CVar [[gc.ActorClusteringEnabled:0]]
[2022.03.25-09.27.49:953][  0]LogConfig: Setting CVar [[gc.BlueprintClusteringEnabled:0]]
[2022.03.25-09.27.49:953][  0]LogConfig: Setting CVar [[gc.UseDisregardForGCOnDedicatedServers:0]]
[2022.03.25-09.27.49:953][  0]LogConfig: Setting CVar [[gc.MultithreadedDestructionEnabled:1]]
[2022.03.25-09.27.49:953][  0]LogConfig: Applying CVar settings from Section [/Script/Engine.NetworkSettings] File [C:/Users/maxim/Documents/IDLT/IDLT/Saved/Config/Windows/Engine.ini]
[2022.03.25-09.27.49:953][  0]LogConfig: Applying CVar settings from Section [/Script/UnrealEd.CookerSettings] File [C:/Users/maxim/Documents/IDLT/IDLT/Saved/Config/Windows/Engine.ini]
[2022.03.25-09.27.49:972][  0]LogConfig: Applying CVar settings from Section [ViewDistanceQuality@3] File [C:/Users/maxim/Documents/IDLT/IDLT/Saved/Config/Windows/Scalability.ini]
[2022.03.25-09.27.49:972][  0]LogConfig: Setting CVar [[r.SkeletalMeshLODBias:0]]
[2022.03.25-09.27.49:972][  0]LogConfig: Setting CVar [[r.ViewDistanceScale:1.0]]
[2022.03.25-09.27.49:972][  0]LogConfig: Applying CVar settings from Section [AntiAliasingQuality@3] File [C:/Users/maxim/Documents/IDLT/IDLT/Saved/Config/Windows/Scalability.ini]
[2022.03.25-09.27.49:972][  0]LogConfig: Setting CVar [[r.PostProcessAAQuality:4]]
[2022.03.25-09.27.49:972][  0]LogConfig: Applying CVar settings from Section [ShadowQuality@3] File [C:/Users/maxim/Documents/IDLT/IDLT/Saved/Config/Windows/Scalability.ini]
[2022.03.25-09.27.49:972][  0]LogConfig: Setting CVar [[r.LightFunctionQuality:1]]
[2022.03.25-09.27.49:972][  0]LogConfig: Setting CVar [[r.ShadowQuality:5]]
[2022.03.25-09.27.49:972][  0]LogConfig: Setting CVar [[r.Shadow.CSM.MaxCascades:10]]
[2022.03.25-09.27.49:972][  0]LogConfig: Setting CVar [[r.Shadow.MaxResolution:2048]]
[2022.03.25-09.27.49:972][  0]LogConfig: Setting CVar [[r.Shadow.MaxCSMResolution:2048]]
[2022.03.25-09.27.49:972][  0]LogConfig: Setting CVar [[r.Shadow.RadiusThreshold:0.01]]
[2022.03.25-09.27.49:972][  0]LogConfig: Setting CVar [[r.Shadow.DistanceScale:1.0]]
[2022.03.25-09.27.49:972][  0]LogConfig: Setting CVar [[r.Shadow.CSM.TransitionScale:1.0]]
[2022.03.25-09.27.49:972][  0]LogConfig: Setting CVar [[r.Shadow.PreShadowResolutionFactor:1.0]]
[2022.03.25-09.27.49:972][  0]LogConfig: Setting CVar [[r.DistanceFieldShadowing:1]]
[2022.03.25-09.27.49:972][  0]LogConfig: Setting CVar [[r.DistanceFieldAO:1]]
[2022.03.25-09.27.49:972][  0]LogConfig: Setting CVar [[r.AOQuality:2]]
[2022.03.25-09.27.49:972][  0]LogConfig: Setting CVar [[r.VolumetricFog:1]]
[2022.03.25-09.27.49:972][  0]LogConfig: Setting CVar [[r.VolumetricFog.GridPixelSize:8]]
[2022.03.25-09.27.49:972][  0]LogConfig: Setting CVar [[r.VolumetricFog.GridSizeZ:128]]
[2022.03.25-09.27.49:972][  0]LogConfig: Setting CVar [[r.VolumetricFog.HistoryMissSupersampleCount:4]]
[2022.03.25-09.27.49:972][  0]LogConfig: Setting CVar [[r.LightMaxDrawDistanceScale:1]]
[2022.03.25-09.27.49:972][  0]LogConfig: Setting CVar [[r.CapsuleShadows:1]]
[2022.03.25-09.27.49:972][  0]LogConfig: Applying CVar settings from Section [PostProcessQuality@3] File [C:/Users/maxim/Documents/IDLT/IDLT/Saved/Config/Windows/Scalability.ini]
[2022.03.25-09.27.49:972][  0]LogConfig: Setting CVar [[r.MotionBlurQuality:4]]
[2022.03.25-09.27.49:972][  0]LogConfig: Setting CVar [[r.AmbientOcclusionMipLevelFactor:0.4]]
[2022.03.25-09.27.49:972][  0]LogConfig: Setting CVar [[r.AmbientOcclusionMaxQuality:100]]
[2022.03.25-09.27.49:972][  0]LogConfig: Setting CVar [[r.AmbientOcclusionLevels:-1]]
[2022.03.25-09.27.49:972][  0]LogConfig: Setting CVar [[r.AmbientOcclusionRadiusScale:1.0]]
[2022.03.25-09.27.49:972][  0]LogConfig: Setting CVar [[r.DepthOfFieldQuality:2]]
[2022.03.25-09.27.49:972][  0]LogConfig: Setting CVar [[r.RenderTargetPoolMin:400]]
[2022.03.25-09.27.49:972][  0]LogConfig: Setting CVar [[r.LensFlareQuality:2]]
[2022.03.25-09.27.49:972][  0]LogConfig: Setting CVar [[r.SceneColorFringeQuality:1]]
[2022.03.25-09.27.49:972][  0]LogConfig: Setting CVar [[r.EyeAdaptationQuality:2]]
[2022.03.25-09.27.49:972][  0]LogConfig: Setting CVar [[r.BloomQuality:5]]
[2022.03.25-09.27.49:972][  0]LogConfig: Setting CVar [[r.FastBlurThreshold:100]]
[2022.03.25-09.27.49:972][  0]LogConfig: Setting CVar [[r.Upscale.Quality:3]]
[2022.03.25-09.27.49:972][  0]LogConfig: Setting CVar [[r.Tonemapper.GrainQuantization:1]]
[2022.03.25-09.27.49:972][  0]LogConfig: Setting CVar [[r.LightShaftQuality:1]]
[2022.03.25-09.27.49:972][  0]LogConfig: Setting CVar [[r.Filter.SizeScale:1]]
[2022.03.25-09.27.49:972][  0]LogConfig: Setting CVar [[r.Tonemapper.Quality:5]]
[2022.03.25-09.27.49:972][  0]LogConfig: Setting CVar [[r.DOF.Gather.AccumulatorQuality:1        ; higher gathering accumulator quality]]
[2022.03.25-09.27.49:972][  0]LogConfig: Setting CVar [[r.DOF.Gather.PostfilterMethod:1          ; Median3x3 postfilering method]]
[2022.03.25-09.27.49:972][  0]LogConfig: Setting CVar [[r.DOF.Gather.EnableBokehSettings:0       ; no bokeh simulation when gathering]]
[2022.03.25-09.27.49:972][  0]LogConfig: Setting CVar [[r.DOF.Gather.RingCount:4                 ; medium number of samples when gathering]]
[2022.03.25-09.27.49:972][  0]LogConfig: Setting CVar [[r.DOF.Scatter.ForegroundCompositing:1    ; additive foreground scattering]]
[2022.03.25-09.27.49:972][  0]LogConfig: Setting CVar [[r.DOF.Scatter.BackgroundCompositing:2    ; additive background scattering]]
[2022.03.25-09.27.49:972][  0]LogConfig: Setting CVar [[r.DOF.Scatter.EnableBokehSettings:1      ; bokeh simulation when scattering]]
[2022.03.25-09.27.49:972][  0]LogConfig: Setting CVar [[r.DOF.Scatter.MaxSpriteRatio:0.1         ; only a maximum of 10% of scattered bokeh]]
[2022.03.25-09.27.49:972][  0]LogConfig: Setting CVar [[r.DOF.Recombine.Quality:1                ; cheap slight out of focus]]
[2022.03.25-09.27.49:972][  0]LogConfig: Setting CVar [[r.DOF.Recombine.EnableBokehSettings:0    ; no bokeh simulation on slight out of focus]]
[2022.03.25-09.27.49:972][  0]LogConfig: Setting CVar [[r.DOF.TemporalAAQuality:1                ; more stable temporal accumulation]]
[2022.03.25-09.27.49:972][  0]LogConfig: Setting CVar [[r.DOF.Kernel.MaxForegroundRadius:0.025]]
[2022.03.25-09.27.49:972][  0]LogConfig: Setting CVar [[r.DOF.Kernel.MaxBackgroundRadius:0.025]]
[2022.03.25-09.27.49:972][  0]LogConfig: Applying CVar settings from Section [TextureQuality@3] File [C:/Users/maxim/Documents/IDLT/IDLT/Saved/Config/Windows/Scalability.ini]
[2022.03.25-09.27.49:972][  0]LogConfig: Setting CVar [[r.Streaming.MipBias:0]]
[2022.03.25-09.27.49:972][  0]LogConfig: Setting CVar [[r.Streaming.AmortizeCPUToGPUCopy:0]]
[2022.03.25-09.27.49:972][  0]LogConfig: Setting CVar [[r.Streaming.MaxNumTexturesToStreamPerFrame:0]]
[2022.03.25-09.27.49:972][  0]LogConfig: Setting CVar [[r.Streaming.Boost:1]]
[2022.03.25-09.27.49:972][  0]LogConfig: Setting CVar [[r.MaxAnisotropy:8]]
[2022.03.25-09.27.49:972][  0]LogConfig: Setting CVar [[r.VT.MaxAnisotropy:8]]
[2022.03.25-09.27.49:972][  0]LogConfig: Setting CVar [[r.Streaming.LimitPoolSizeToVRAM:0]]
[2022.03.25-09.27.49:972][  0]LogConfig: Setting CVar [[r.Streaming.PoolSize:1000]]
[2022.03.25-09.27.49:972][  0]LogConfig: Setting CVar [[r.Streaming.MaxEffectiveScreenSize:0]]
[2022.03.25-09.27.49:972][  0]LogConfig: Applying CVar settings from Section [EffectsQuality@3] File [C:/Users/maxim/Documents/IDLT/IDLT/Saved/Config/Windows/Scalability.ini]
[2022.03.25-09.27.49:972][  0]LogConfig: Setting CVar [[r.TranslucencyLightingVolumeDim:64]]
[2022.03.25-09.27.49:972][  0]LogConfig: Setting CVar [[r.RefractionQuality:2]]
[2022.03.25-09.27.49:972][  0]LogConfig: Setting CVar [[r.SSR.Quality:3]]
[2022.03.25-09.27.49:972][  0]LogConfig: Setting CVar [[r.SSR.HalfResSceneColor:0]]
[2022.03.25-09.27.49:972][  0]LogConfig: Setting CVar [[r.SceneColorFormat:4]]
[2022.03.25-09.27.49:972][  0]LogConfig: Setting CVar [[r.DetailMode:2]]
[2022.03.25-09.27.49:972][  0]LogConfig: Setting CVar [[r.TranslucencyVolumeBlur:1]]
[2022.03.25-09.27.49:972][  0]LogConfig: Setting CVar [[r.MaterialQualityLevel:1 ; High quality]]
[2022.03.25-09.27.49:972][  0]LogConfig: Setting CVar [[r.AnisotropicMaterials:1]]
[2022.03.25-09.27.49:972][  0]LogConfig: Setting CVar [[r.SSS.Scale:1]]
[2022.03.25-09.27.49:972][  0]LogConfig: Setting CVar [[r.SSS.SampleSet:2]]
[2022.03.25-09.27.49:972][  0]LogConfig: Setting CVar [[r.SSS.Quality:1]]
[2022.03.25-09.27.49:972][  0]LogConfig: Setting CVar [[r.SSS.HalfRes:0]]
[2022.03.25-09.27.49:972][  0]LogConfig: Setting CVar [[r.SSGI.Quality:3]]
[2022.03.25-09.27.49:972][  0]LogConfig: Setting CVar [[r.EmitterSpawnRateScale:1.0]]
[2022.03.25-09.27.49:972][  0]LogConfig: Setting CVar [[r.ParticleLightQuality:2]]
[2022.03.25-09.27.49:972][  0]LogConfig: Setting CVar [[r.SkyAtmosphere.AerialPerspectiveLUT.FastApplyOnOpaque:1 ; Always have FastSkyLUT 1 in this case to avoid wrong sky]]
[2022.03.25-09.27.49:972][  0]LogConfig: Setting CVar [[r.SkyAtmosphere.AerialPerspectiveLUT.SampleCountMaxPerSlice:4]]
[2022.03.25-09.27.49:972][  0]LogConfig: Setting CVar [[r.SkyAtmosphere.AerialPerspectiveLUT.DepthResolution:16.0]]
[2022.03.25-09.27.49:972][  0]LogConfig: Setting CVar [[r.SkyAtmosphere.FastSkyLUT:1]]
[2022.03.25-09.27.49:972][  0]LogConfig: Setting CVar [[r.SkyAtmosphere.FastSkyLUT.SampleCountMin:4.0]]
[2022.03.25-09.27.49:972][  0]LogConfig: Setting CVar [[r.SkyAtmosphere.FastSkyLUT.SampleCountMax:128.0]]
[2022.03.25-09.27.49:972][  0]LogConfig: Setting CVar [[r.SkyAtmosphere.SampleCountMin:4.0]]
[2022.03.25-09.27.49:972][  0]LogConfig: Setting CVar [[r.SkyAtmosphere.SampleCountMax:128.0]]
[2022.03.25-09.27.49:972][  0]LogConfig: Setting CVar [[r.SkyAtmosphere.TransmittanceLUT.UseSmallFormat:0]]
[2022.03.25-09.27.49:972][  0]LogConfig: Setting CVar [[r.SkyAtmosphere.TransmittanceLUT.SampleCount:10.0]]
[2022.03.25-09.27.49:972][  0]LogConfig: Setting CVar [[r.SkyAtmosphere.MultiScatteringLUT.SampleCount:15.0]]
[2022.03.25-09.27.49:972][  0]LogConfig: Setting CVar [[r.SkyLight.RealTimeReflectionCapture:1]]
[2022.03.25-09.27.49:973][  0]LogConfig: Applying CVar settings from Section [FoliageQuality@3] File [C:/Users/maxim/Documents/IDLT/IDLT/Saved/Config/Windows/Scalability.ini]
[2022.03.25-09.27.49:973][  0]LogConfig: Setting CVar [[foliage.DensityScale:1.0]]
[2022.03.25-09.27.49:973][  0]LogConfig: Setting CVar [[grass.DensityScale:1.0]]
[2022.03.25-09.27.49:973][  0]LogConfig: Applying CVar settings from Section [ShadingQuality@3] File [C:/Users/maxim/Documents/IDLT/IDLT/Saved/Config/Windows/Scalability.ini]
[2022.03.25-09.27.49:973][  0]LogConfig: Setting CVar [[r.HairStrands.SkyLighting.IntegrationType:2]]
[2022.03.25-09.27.49:973][  0]LogConfig: Setting CVar [[r.HairStrands.SkyAO.SampleCount:4]]
[2022.03.25-09.27.49:973][  0]LogConfig: Setting CVar [[r.HairStrands.Visibility.MSAA.SamplePerPixel:4]]
[2022.03.25-09.27.49:973][  0]LogInit: Selected Device Profile: [Windows]
[2022.03.25-09.27.49:973][  0]LogInit: Applying CVar settings loaded from the selected device profile: [Windows]
[2022.03.25-09.27.49:973][  0]LogHAL: Display: Platform has ~ 16 GB [17126428672 / 17179869184 / 16], which maps to Larger [LargestMinGB=32, LargerMinGB=12, DefaultMinGB=8, SmallerMinGB=6, SmallestMinGB=0)
[2022.03.25-09.27.49:973][  0]LogInit: Going up to parent DeviceProfile []
[2022.03.25-09.27.49:973][  0]LogConfig: Applying CVar settings from Section [ViewDistanceQuality@3] File [C:/Users/maxim/Documents/IDLT/IDLT/Saved/Config/Windows/Scalability.ini]
[2022.03.25-09.27.49:973][  0]LogConfig: Setting CVar [[r.SkeletalMeshLODBias:0]]
[2022.03.25-09.27.49:973][  0]LogConfig: Setting CVar [[r.ViewDistanceScale:1.0]]
[2022.03.25-09.27.49:973][  0]LogConfig: Applying CVar settings from Section [AntiAliasingQuality@3] File [C:/Users/maxim/Documents/IDLT/IDLT/Saved/Config/Windows/Scalability.ini]
[2022.03.25-09.27.49:973][  0]LogConfig: Setting CVar [[r.PostProcessAAQuality:4]]
[2022.03.25-09.27.49:973][  0]LogConfig: Applying CVar settings from Section [ShadowQuality@3] File [C:/Users/maxim/Documents/IDLT/IDLT/Saved/Config/Windows/Scalability.ini]
[2022.03.25-09.27.49:973][  0]LogConfig: Setting CVar [[r.LightFunctionQuality:1]]
[2022.03.25-09.27.49:973][  0]LogConfig: Setting CVar [[r.ShadowQuality:5]]
[2022.03.25-09.27.49:973][  0]LogConfig: Setting CVar [[r.Shadow.CSM.MaxCascades:10]]
[2022.03.25-09.27.49:973][  0]LogConfig: Setting CVar [[r.Shadow.MaxResolution:2048]]
[2022.03.25-09.27.49:973][  0]LogConfig: Setting CVar [[r.Shadow.MaxCSMResolution:2048]]
[2022.03.25-09.27.49:973][  0]LogConfig: Setting CVar [[r.Shadow.RadiusThreshold:0.01]]
[2022.03.25-09.27.49:973][  0]LogConfig: Setting CVar [[r.Shadow.DistanceScale:1.0]]
[2022.03.25-09.27.49:973][  0]LogConfig: Setting CVar [[r.Shadow.CSM.TransitionScale:1.0]]
[2022.03.25-09.27.49:973][  0]LogConfig: Setting CVar [[r.Shadow.PreShadowResolutionFactor:1.0]]
[2022.03.25-09.27.49:973][  0]LogConfig: Setting CVar [[r.DistanceFieldShadowing:1]]
[2022.03.25-09.27.49:973][  0]LogConfig: Setting CVar [[r.DistanceFieldAO:1]]
[2022.03.25-09.27.49:973][  0]LogConfig: Setting CVar [[r.AOQuality:2]]
[2022.03.25-09.27.49:973][  0]LogConfig: Setting CVar [[r.VolumetricFog:1]]
[2022.03.25-09.27.49:973][  0]LogConfig: Setting CVar [[r.VolumetricFog.GridPixelSize:8]]
[2022.03.25-09.27.49:973][  0]LogConfig: Setting CVar [[r.VolumetricFog.GridSizeZ:128]]
[2022.03.25-09.27.49:973][  0]LogConfig: Setting CVar [[r.VolumetricFog.HistoryMissSupersampleCount:4]]
[2022.03.25-09.27.49:973][  0]LogConfig: Setting CVar [[r.LightMaxDrawDistanceScale:1]]
[2022.03.25-09.27.49:973][  0]LogConfig: Setting CVar [[r.CapsuleShadows:1]]
[2022.03.25-09.27.49:973][  0]LogConfig: Applying CVar settings from Section [PostProcessQuality@3] File [C:/Users/maxim/Documents/IDLT/IDLT/Saved/Config/Windows/Scalability.ini]
[2022.03.25-09.27.49:973][  0]LogConfig: Setting CVar [[r.MotionBlurQuality:4]]
[2022.03.25-09.27.49:973][  0]LogConfig: Setting CVar [[r.AmbientOcclusionMipLevelFactor:0.4]]
[2022.03.25-09.27.49:973][  0]LogConfig: Setting CVar [[r.AmbientOcclusionMaxQuality:100]]
[2022.03.25-09.27.49:973][  0]LogConfig: Setting CVar [[r.AmbientOcclusionLevels:-1]]
[2022.03.25-09.27.49:973][  0]LogConfig: Setting CVar [[r.AmbientOcclusionRadiusScale:1.0]]
[2022.03.25-09.27.49:973][  0]LogConfig: Setting CVar [[r.DepthOfFieldQuality:2]]
[2022.03.25-09.27.49:973][  0]LogConfig: Setting CVar [[r.RenderTargetPoolMin:400]]
[2022.03.25-09.27.49:973][  0]LogConfig: Setting CVar [[r.LensFlareQuality:2]]
[2022.03.25-09.27.49:973][  0]LogConfig: Setting CVar [[r.SceneColorFringeQuality:1]]
[2022.03.25-09.27.49:973][  0]LogConfig: Setting CVar [[r.EyeAdaptationQuality:2]]
[2022.03.25-09.27.49:973][  0]LogConfig: Setting CVar [[r.BloomQuality:5]]
[2022.03.25-09.27.49:973][  0]LogConfig: Setting CVar [[r.FastBlurThreshold:100]]
[2022.03.25-09.27.49:973][  0]LogConfig: Setting CVar [[r.Upscale.Quality:3]]
[2022.03.25-09.27.49:973][  0]LogConfig: Setting CVar [[r.Tonemapper.GrainQuantization:1]]
[2022.03.25-09.27.49:973][  0]LogConfig: Setting CVar [[r.LightShaftQuality:1]]
[2022.03.25-09.27.49:973][  0]LogConfig: Setting CVar [[r.Filter.SizeScale:1]]
[2022.03.25-09.27.49:973][  0]LogConfig: Setting CVar [[r.Tonemapper.Quality:5]]
[2022.03.25-09.27.49:973][  0]LogConfig: Setting CVar [[r.DOF.Gather.AccumulatorQuality:1        ; higher gathering accumulator quality]]
[2022.03.25-09.27.49:973][  0]LogConfig: Setting CVar [[r.DOF.Gather.PostfilterMethod:1          ; Median3x3 postfilering method]]
[2022.03.25-09.27.49:973][  0]LogConfig: Setting CVar [[r.DOF.Gather.EnableBokehSettings:0       ; no bokeh simulation when gathering]]
[2022.03.25-09.27.49:973][  0]LogConfig: Setting CVar [[r.DOF.Gather.RingCount:4                 ; medium number of samples when gathering]]
[2022.03.25-09.27.49:973][  0]LogConfig: Setting CVar [[r.DOF.Scatter.ForegroundCompositing:1    ; additive foreground scattering]]
[2022.03.25-09.27.49:973][  0]LogConfig: Setting CVar [[r.DOF.Scatter.BackgroundCompositing:2    ; additive background scattering]]
[2022.03.25-09.27.49:973][  0]LogConfig: Setting CVar [[r.DOF.Scatter.EnableBokehSettings:1      ; bokeh simulation when scattering]]
[2022.03.25-09.27.49:973][  0]LogConfig: Setting CVar [[r.DOF.Scatter.MaxSpriteRatio:0.1         ; only a maximum of 10% of scattered bokeh]]
[2022.03.25-09.27.49:973][  0]LogConfig: Setting CVar [[r.DOF.Recombine.Quality:1                ; cheap slight out of focus]]
[2022.03.25-09.27.49:973][  0]LogConfig: Setting CVar [[r.DOF.Recombine.EnableBokehSettings:0    ; no bokeh simulation on slight out of focus]]
[2022.03.25-09.27.49:973][  0]LogConfig: Setting CVar [[r.DOF.TemporalAAQuality:1                ; more stable temporal accumulation]]
[2022.03.25-09.27.49:973][  0]LogConfig: Setting CVar [[r.DOF.Kernel.MaxForegroundRadius:0.025]]
[2022.03.25-09.27.49:973][  0]LogConfig: Setting CVar [[r.DOF.Kernel.MaxBackgroundRadius:0.025]]
[2022.03.25-09.27.49:973][  0]LogConfig: Applying CVar settings from Section [TextureQuality@3] File [C:/Users/maxim/Documents/IDLT/IDLT/Saved/Config/Windows/Scalability.ini]
[2022.03.25-09.27.49:973][  0]LogConfig: Setting CVar [[r.Streaming.MipBias:0]]
[2022.03.25-09.27.49:973][  0]LogConfig: Setting CVar [[r.Streaming.AmortizeCPUToGPUCopy:0]]
[2022.03.25-09.27.49:973][  0]LogConfig: Setting CVar [[r.Streaming.MaxNumTexturesToStreamPerFrame:0]]
[2022.03.25-09.27.49:973][  0]LogConfig: Setting CVar [[r.Streaming.Boost:1]]
[2022.03.25-09.27.49:973][  0]LogConfig: Setting CVar [[r.MaxAnisotropy:8]]
[2022.03.25-09.27.49:973][  0]LogConfig: Setting CVar [[r.VT.MaxAnisotropy:8]]
[2022.03.25-09.27.49:973][  0]LogConfig: Setting CVar [[r.Streaming.LimitPoolSizeToVRAM:0]]
[2022.03.25-09.27.49:973][  0]LogConfig: Setting CVar [[r.Streaming.PoolSize:1000]]
[2022.03.25-09.27.49:973][  0]LogConfig: Setting CVar [[r.Streaming.MaxEffectiveScreenSize:0]]
[2022.03.25-09.27.49:973][  0]LogConfig: Applying CVar settings from Section [EffectsQuality@3] File [C:/Users/maxim/Documents/IDLT/IDLT/Saved/Config/Windows/Scalability.ini]
[2022.03.25-09.27.49:973][  0]LogConfig: Setting CVar [[r.TranslucencyLightingVolumeDim:64]]
[2022.03.25-09.27.49:973][  0]LogConfig: Setting CVar [[r.RefractionQuality:2]]
[2022.03.25-09.27.49:973][  0]LogConfig: Setting CVar [[r.SSR.Quality:3]]
[2022.03.25-09.27.49:973][  0]LogConfig: Setting CVar [[r.SSR.HalfResSceneColor:0]]
[2022.03.25-09.27.49:973][  0]LogConfig: Setting CVar [[r.SceneColorFormat:4]]
[2022.03.25-09.27.49:973][  0]LogConfig: Setting CVar [[r.DetailMode:2]]
[2022.03.25-09.27.49:973][  0]LogConfig: Setting CVar [[r.TranslucencyVolumeBlur:1]]
[2022.03.25-09.27.49:974][  0]LogConfig: Setting CVar [[r.MaterialQualityLevel:1 ; High quality]]
[2022.03.25-09.27.49:974][  0]LogConfig: Setting CVar [[r.AnisotropicMaterials:1]]
[2022.03.25-09.27.49:974][  0]LogConfig: Setting CVar [[r.SSS.Scale:1]]
[2022.03.25-09.27.49:974][  0]LogConfig: Setting CVar [[r.SSS.SampleSet:2]]
[2022.03.25-09.27.49:974][  0]LogConfig: Setting CVar [[r.SSS.Quality:1]]
[2022.03.25-09.27.49:974][  0]LogConfig: Setting CVar [[r.SSS.HalfRes:0]]
[2022.03.25-09.27.49:974][  0]LogConfig: Setting CVar [[r.SSGI.Quality:3]]
[2022.03.25-09.27.49:974][  0]LogConfig: Setting CVar [[r.EmitterSpawnRateScale:1.0]]
[2022.03.25-09.27.49:974][  0]LogConfig: Setting CVar [[r.ParticleLightQuality:2]]
[2022.03.25-09.27.49:974][  0]LogConfig: Setting CVar [[r.SkyAtmosphere.AerialPerspectiveLUT.FastApplyOnOpaque:1 ; Always have FastSkyLUT 1 in this case to avoid wrong sky]]
[2022.03.25-09.27.49:974][  0]LogConfig: Setting CVar [[r.SkyAtmosphere.AerialPerspectiveLUT.SampleCountMaxPerSlice:4]]
[2022.03.25-09.27.49:974][  0]LogConfig: Setting CVar [[r.SkyAtmosphere.AerialPerspectiveLUT.DepthResolution:16.0]]
[2022.03.25-09.27.49:974][  0]LogConfig: Setting CVar [[r.SkyAtmosphere.FastSkyLUT:1]]
[2022.03.25-09.27.49:974][  0]LogConfig: Setting CVar [[r.SkyAtmosphere.FastSkyLUT.SampleCountMin:4.0]]
[2022.03.25-09.27.49:974][  0]LogConfig: Setting CVar [[r.SkyAtmosphere.FastSkyLUT.SampleCountMax:128.0]]
[2022.03.25-09.27.49:974][  0]LogConfig: Setting CVar [[r.SkyAtmosphere.SampleCountMin:4.0]]
[2022.03.25-09.27.49:974][  0]LogConfig: Setting CVar [[r.SkyAtmosphere.SampleCountMax:128.0]]
[2022.03.25-09.27.49:974][  0]LogConfig: Setting CVar [[r.SkyAtmosphere.TransmittanceLUT.UseSmallFormat:0]]
[2022.03.25-09.27.49:974][  0]LogConfig: Setting CVar [[r.SkyAtmosphere.TransmittanceLUT.SampleCount:10.0]]
[2022.03.25-09.27.49:974][  0]LogConfig: Setting CVar [[r.SkyAtmosphere.MultiScatteringLUT.SampleCount:15.0]]
[2022.03.25-09.27.49:974][  0]LogConfig: Setting CVar [[r.SkyLight.RealTimeReflectionCapture:1]]
[2022.03.25-09.27.49:974][  0]LogConfig: Applying CVar settings from Section [FoliageQuality@3] File [C:/Users/maxim/Documents/IDLT/IDLT/Saved/Config/Windows/Scalability.ini]
[2022.03.25-09.27.49:974][  0]LogConfig: Setting CVar [[foliage.DensityScale:1.0]]
[2022.03.25-09.27.49:974][  0]LogConfig: Setting CVar [[grass.DensityScale:1.0]]
[2022.03.25-09.27.49:974][  0]LogConfig: Applying CVar settings from Section [ShadingQuality@3] File [C:/Users/maxim/Documents/IDLT/IDLT/Saved/Config/Windows/Scalability.ini]
[2022.03.25-09.27.49:974][  0]LogConfig: Setting CVar [[r.HairStrands.SkyLighting.IntegrationType:2]]
[2022.03.25-09.27.49:974][  0]LogConfig: Setting CVar [[r.HairStrands.SkyAO.SampleCount:4]]
[2022.03.25-09.27.49:974][  0]LogConfig: Setting CVar [[r.HairStrands.Visibility.MSAA.SamplePerPixel:4]]
[2022.03.25-09.27.49:974][  0]LogConfig: Applying CVar settings from Section [Startup] File [../../../Engine/Config/ConsoleVariables.ini]
[2022.03.25-09.27.49:974][  0]LogConfig: Setting CVar [[net.UseAdaptiveNetUpdateFrequency:0]]
[2022.03.25-09.27.49:974][  0]LogConfig: Setting CVar [[p.chaos.AllowCreatePhysxBodies:1]]
[2022.03.25-09.27.49:974][  0]LogConfig: Setting CVar [[fx.SkipVectorVMBackendOptimizations:1]]
[2022.03.25-09.27.49:974][  0]LogConfig: Applying CVar settings from Section [ConsoleVariables] File [C:/Users/maxim/Documents/IDLT/IDLT/Saved/Config/Windows/Engine.ini]
[2022.03.25-09.27.49:974][  0]LogConfig: Applying CVar settings from Section [ConsoleVariables] File [C:/Users/maxim/Documents/IDLT/IDLT/Saved/Config/Windows/Editor.ini]
[2022.03.25-09.27.49:974][  0]LogInit: Computer: DESKTOP-OK57AIK
[2022.03.25-09.27.49:974][  0]LogInit: User: Maxime
[2022.03.25-09.27.49:974][  0]LogInit: CPU Page size=4096, Cores=8
[2022.03.25-09.27.49:975][  0]LogInit: High frequency timer resolution =10.000000 MHz
[2022.03.25-09.27.49:975][  0]LogMemory: Memory total: Physical=16.0GB (16GB approx)
[2022.03.25-09.27.49:975][  0]LogMemory: Platform Memory Stats for Windows
[2022.03.25-09.27.49:975][  0]LogMemory: Process Physical Memory: 144.66 MB used, 144.66 MB peak
[2022.03.25-09.27.49:975][  0]LogMemory: Process Virtual Memory: 127.39 MB used, 127.39 MB peak
[2022.03.25-09.27.49:975][  0]LogMemory: Physical Memory: 7670.04 MB used,  8663.00 MB free, 16333.04 MB total
[2022.03.25-09.27.49:975][  0]LogMemory: Virtual Memory: 134208496.00 MB used,  9231.79 MB free, 134217728.00 MB total
[2022.03.25-09.27.49:979][  0]LogWindows: WindowsPlatformFeatures enabled
[2022.03.25-09.27.50:013][  0]LogInit: Physics initialised using underlying interface: PhysX
[2022.03.25-09.27.50:014][  0]LogInit: Using OS detected language (en-US).
[2022.03.25-09.27.50:014][  0]LogInit: Using OS detected locale (sv-SE).
[2022.03.25-09.27.50:017][  0]LogTextLocalizationManager: No specific localization for 'en-US' exists, so the 'en' localization will be used.
[2022.03.25-09.27.50:208][  0]LogInit: Setting process to per monitor DPI aware
[2022.03.25-09.27.50:218][  0]LogWindowsTextInputMethodSystem: Display: IME system deactivated.
[2022.03.25-09.27.50:234][  0]LogSlate: New Slate User Created.  User Index 0, Is Virtual User: 0
[2022.03.25-09.27.50:235][  0]LogSlate: Slate User Registered.  User Index 0, Is Virtual User: 0
[2022.03.25-09.27.50:353][  0]LogD3D11RHI: Loaded GFSDK_Aftermath_Lib.x64.dll
[2022.03.25-09.27.50:355][  0]LogHMD: Failed to initialize OpenVR with code 110
[2022.03.25-09.27.50:355][  0]LogD3D11RHI: D3D11 min allowed feature level: 11_0
[2022.03.25-09.27.50:355][  0]LogD3D11RHI: D3D11 max allowed feature level: 11_0
[2022.03.25-09.27.50:355][  0]LogD3D11RHI: D3D11 adapters:
[2022.03.25-09.27.50:438][  0]LogD3D11RHI:    0. 'NVIDIA GeForce RTX 2070 SUPER' (Feature Level 11_0)
[2022.03.25-09.27.50:438][  0]LogD3D11RHI:       8011/0/8166 MB DedicatedVideo/DedicatedSystem/SharedSystem, Outputs:2, VendorId:0x10de
[2022.03.25-09.27.50:440][  0]LogD3D11RHI:    1. 'Microsoft Basic Render Driver' (Feature Level 11_0)
[2022.03.25-09.27.50:440][  0]LogD3D11RHI:       0/0/8166 MB DedicatedVideo/DedicatedSystem/SharedSystem, Outputs:0, VendorId:0x1414
[2022.03.25-09.27.50:440][  0]LogD3D11RHI: Chosen D3D11 Adapter:
[2022.03.25-09.27.50:440][  0]LogD3D11RHI:     Description : NVIDIA GeForce RTX 2070 SUPER
[2022.03.25-09.27.50:440][  0]LogD3D11RHI:     VendorId    : 10de
[2022.03.25-09.27.50:440][  0]LogD3D11RHI:     DeviceId    : 1e84
[2022.03.25-09.27.50:440][  0]LogD3D11RHI:     SubSysId    : 40011458
[2022.03.25-09.27.50:440][  0]LogD3D11RHI:     Revision    : 00a1
[2022.03.25-09.27.50:440][  0]LogD3D11RHI:     DedicatedVideoMemory : 8400142336 bytes
[2022.03.25-09.27.50:440][  0]LogD3D11RHI:     DedicatedSystemMemory : 0 bytes
[2022.03.25-09.27.50:440][  0]LogD3D11RHI:     SharedSystemMemory : 8563214336 bytes
[2022.03.25-09.27.50:440][  0]LogD3D11RHI:     AdapterLuid : 0 35929
[2022.03.25-09.27.50:447][  0]LogD3D11RHI: Creating new Direct3DDevice
[2022.03.25-09.27.50:447][  0]LogD3D11RHI:     GPU DeviceId: 0x1e84 (for the marketing name, search the web for "GPU Device Id")
[2022.03.25-09.27.50:447][  0]LogWindows: EnumDisplayDevices:
[2022.03.25-09.27.50:447][  0]LogWindows:    0. 'NVIDIA GeForce RTX 2070 SUPER' (P:1 D:1)
[2022.03.25-09.27.50:447][  0]LogWindows:    1. 'NVIDIA GeForce RTX 2070 SUPER' (P:0 D:1)
[2022.03.25-09.27.50:447][  0]LogWindows:    2. 'NVIDIA GeForce RTX 2070 SUPER' (P:0 D:0)
[2022.03.25-09.27.50:447][  0]LogWindows:    3. 'NVIDIA GeForce RTX 2070 SUPER' (P:0 D:0)
[2022.03.25-09.27.50:448][  0]LogWindows: DebugString: FoundDriverCount:4 
[2022.03.25-09.27.50:448][  0]LogD3D11RHI:     Adapter Name: NVIDIA GeForce RTX 2070 SUPER
[2022.03.25-09.27.50:448][  0]LogD3D11RHI:   Driver Version: 511.79 (internal:30.0.15.1179, unified:511.79)
[2022.03.25-09.27.50:448][  0]LogD3D11RHI:      Driver Date: 2-10-2022
[2022.03.25-09.27.50:448][  0]LogRHI: Texture pool is 5607 MB (70% of 8011 MB)
[2022.03.25-09.27.50:448][  0]LogD3D11RHI: Creating D3DDevice using adapter:
[2022.03.25-09.27.50:448][  0]LogD3D11RHI:     Description : NVIDIA GeForce RTX 2070 SUPER
[2022.03.25-09.27.50:448][  0]LogD3D11RHI:     VendorId    : 10de
[2022.03.25-09.27.50:448][  0]LogD3D11RHI:     DeviceId    : 1e84
[2022.03.25-09.27.50:448][  0]LogD3D11RHI:     SubSysId    : 40011458
[2022.03.25-09.27.50:448][  0]LogD3D11RHI:     Revision    : 00a1
[2022.03.25-09.27.50:448][  0]LogD3D11RHI:     DedicatedVideoMemory : 8400142336 bytes
[2022.03.25-09.27.50:448][  0]LogD3D11RHI:     DedicatedSystemMemory : 0 bytes
[2022.03.25-09.27.50:448][  0]LogD3D11RHI:     SharedSystemMemory : 8563214336 bytes
[2022.03.25-09.27.50:448][  0]LogD3D11RHI:     AdapterLuid : 0 35929
[2022.03.25-09.27.50:509][  0]LogD3D11RHI: RHI has support for 64 bit atomics
[2022.03.25-09.27.50:510][  0]LogD3D11RHI: Async texture creation enabled
[2022.03.25-09.27.50:510][  0]LogD3D11RHI: Array index from any shader is supported
[2022.03.25-09.27.50:536][  0]LogD3D11RHI: GPU Timing Frequency: 1000.000000 (Debug: 2 1)
[2022.03.25-09.27.50:558][  0]LogRHI: GeForceNow SDK initialized: 1
[2022.03.25-09.27.50:802][  0]LogTargetPlatformManager: Display: Loaded TargetPlatform 'AllDesktop'
[2022.03.25-09.27.50:823][  0]LogTargetPlatformManager: Display: Loaded TargetPlatform 'Android'
[2022.03.25-09.27.50:823][  0]LogTargetPlatformManager: Display: Loaded TargetPlatform 'Android_ASTC'
[2022.03.25-09.27.50:823][  0]LogTargetPlatformManager: Display: Loaded TargetPlatform 'Android_DXT'
[2022.03.25-09.27.50:823][  0]LogTargetPlatformManager: Display: Loaded TargetPlatform 'Android_ETC2'
[2022.03.25-09.27.50:823][  0]LogTargetPlatformManager: Display: Loaded TargetPlatform 'AndroidClient'
[2022.03.25-09.27.50:823][  0]LogTargetPlatformManager: Display: Loaded TargetPlatform 'Android_ASTCClient'
[2022.03.25-09.27.50:823][  0]LogTargetPlatformManager: Display: Loaded TargetPlatform 'Android_DXTClient'
[2022.03.25-09.27.50:823][  0]LogTargetPlatformManager: Display: Loaded TargetPlatform 'Android_ETC2Client'
[2022.03.25-09.27.50:823][  0]LogTargetPlatformManager: Display: Loaded TargetPlatform 'Android_Multi'
[2022.03.25-09.27.50:823][  0]LogTargetPlatformManager: Display: Loaded TargetPlatform 'Android_MultiClient'
[2022.03.25-09.27.50:841][  0]LogTargetPlatformManager: Display: Loaded TargetPlatform 'IOSClient'
[2022.03.25-09.27.50:841][  0]LogTargetPlatformManager: Display: Loaded TargetPlatform 'IOS'
[2022.03.25-09.27.50:851][  0]LogTargetPlatformManager: Display: Loaded TargetPlatform 'Linux'
[2022.03.25-09.27.50:855][  0]LogTargetPlatformManager: Display: Loaded TargetPlatform 'LinuxNoEditor'
[2022.03.25-09.27.50:859][  0]LogTargetPlatformManager: Display: Loaded TargetPlatform 'LinuxClient'
[2022.03.25-09.27.50:863][  0]LogTargetPlatformManager: Display: Loaded TargetPlatform 'LinuxServer'
[2022.03.25-09.27.50:872][  0]LogTargetPlatformManager: Display: Loaded TargetPlatform 'LinuxAArch64NoEditor'
[2022.03.25-09.27.50:876][  0]LogTargetPlatformManager: Display: Loaded TargetPlatform 'LinuxAArch64Client'
[2022.03.25-09.27.50:880][  0]LogTargetPlatformManager: Display: Loaded TargetPlatform 'LinuxAArch64Server'
[2022.03.25-09.27.50:906][  0]LogTargetPlatformManager: Display: Loaded TargetPlatform 'Lumin'
[2022.03.25-09.27.50:906][  0]LogTargetPlatformManager: Display: Loaded TargetPlatform 'LuminClient'
[2022.03.25-09.27.50:914][  0]LogTargetPlatformManager: Display: Loaded TargetPlatform 'MacNoEditor'
[2022.03.25-09.27.50:918][  0]LogTargetPlatformManager: Display: Loaded TargetPlatform 'Mac'
[2022.03.25-09.27.50:922][  0]LogTargetPlatformManager: Display: Loaded TargetPlatform 'MacClient'
[2022.03.25-09.27.50:925][  0]LogTargetPlatformManager: Display: Loaded TargetPlatform 'MacServer'
[2022.03.25-09.27.50:935][  0]LogTargetPlatformManager: Display: Loaded TargetPlatform 'TVOSClient'
[2022.03.25-09.27.50:935][  0]LogTargetPlatformManager: Display: Loaded TargetPlatform 'TVOS'
[2022.03.25-09.27.50:945][  0]LogTargetPlatformManager: Display: Loaded TargetPlatform 'WindowsNoEditor'
[2022.03.25-09.27.50:949][  0]LogTargetPlatformManager: Display: Loaded TargetPlatform 'Windows'
[2022.03.25-09.27.50:953][  0]LogTargetPlatformManager: Display: Loaded TargetPlatform 'WindowsClient'
[2022.03.25-09.27.50:957][  0]LogTargetPlatformManager: Display: Loaded TargetPlatform 'WindowsServer'
[2022.03.25-09.27.50:957][  0]LogTargetPlatformManager: Display: Building Assets For Windows
[2022.03.25-09.27.50:963][  0]LogAudioDebug: Display: Lib vorbis DLL was dynamically loaded.
[2022.03.25-09.27.50:989][  0]LogTextureFormatOodle: Display: Oodle Texture 2.9.0 init RDO Off
[2022.03.25-09.27.51:015][  0]LogRendererCore: Ray tracing is disabled. Reason: r.RayTracing=0.
[2022.03.25-09.27.51:015][  0]LogShaderCompilers: Guid format shader working directory is -4 characters bigger than the processId version (../../../../../../Users/maxim/Documents/IDLT/IDLT/Intermediate/Shaders/WorkingDirectory/12252/).
[2022.03.25-09.27.51:015][  0]LogShaderCompilers: Cleaned the shader compiler working directory 'C:/Users/maxim/AppData/Local/Temp/UnrealShaderWorkingDir/1BC15ECF46D7BE813E164F8470929E7D/'.
[2022.03.25-09.27.51:015][  0]LogXGEController: Cannot use XGE Controller as Incredibuild is not installed on this machine.
[2022.03.25-09.27.51:015][  0]LogShaderCompilers: Cannot use XGE Shader Compiler as Incredibuild is not installed on this machine.
[2022.03.25-09.27.51:015][  0]LogShaderCompilers: Display: Using Local Shader Compiler.
[2022.03.25-09.27.51:623][  0]LogDerivedDataCache: Display: Max Cache Size: 512 MB
[2022.03.25-09.27.51:675][  0]LogDerivedDataCache: Loaded boot cache 0.05s 94MB C:/Users/maxim/AppData/Local/UnrealEngine/4.27/DerivedDataCache/Boot.ddc.
[2022.03.25-09.27.51:675][  0]LogDerivedDataCache: Display: Loaded Boot cache: C:/Users/maxim/AppData/Local/UnrealEngine/4.27/DerivedDataCache/Boot.ddc
[2022.03.25-09.27.51:676][  0]LogDerivedDataCache: FDerivedDataBackendGraph:  Pak pak cache file ../../../../../../Users/maxim/Documents/IDLT/IDLT/DerivedDataCache/DDC.ddp not found, will not use a pak cache.
[2022.03.25-09.27.51:676][  0]LogDerivedDataCache: Unable to find inner node Pak for hierarchical cache Hierarchy.
[2022.03.25-09.27.51:676][  0]LogDerivedDataCache: FDerivedDataBackendGraph:  CompressedPak pak cache file ../../../../../../Users/maxim/Documents/IDLT/IDLT/DerivedDataCache/Compressed.ddp not found, will not use a pak cache.
[2022.03.25-09.27.51:676][  0]LogDerivedDataCache: Unable to find inner node CompressedPak for hierarchical cache Hierarchy.
[2022.03.25-09.27.51:693][  0]LogDerivedDataCache: Display: Pak cache opened for reading ../../../Engine/DerivedDataCache/Compressed.ddp.
[2022.03.25-09.27.51:693][  0]LogDerivedDataCache: FDerivedDataBackendGraph:  EnterprisePak pak cache file ../../../Enterprise/DerivedDataCache/Compressed.ddp not found, will not use a pak cache.
[2022.03.25-09.27.51:693][  0]LogDerivedDataCache: Unable to find inner node EnterprisePak for hierarchical cache Hierarchy.
[2022.03.25-09.27.51:700][  0]LogDerivedDataCache: Speed tests for C:/Users/maxim/AppData/Local/UnrealEngine/Common/DerivedDataCache took 0.01 seconds
[2022.03.25-09.27.51:700][  0]LogDerivedDataCache: Display: Performance to C:/Users/maxim/AppData/Local/UnrealEngine/Common/DerivedDataCache: Latency=0.03ms. RandomReadSpeed=370.57MBs, RandomWriteSpeed=209.65MBs. Assigned SpeedClass 'Local'
[2022.03.25-09.27.51:701][  0]LogDerivedDataCache: Using Local data cache path C:/Users/maxim/AppData/Local/UnrealEngine/Common/DerivedDataCache: Writable
[2022.03.25-09.27.51:701][  0]LogDerivedDataCache: Shared data cache path not found in *engine.ini, will not use an Shared cache.
[2022.03.25-09.27.51:701][  0]LogDerivedDataCache: Unable to find inner node Shared for hierarchical cache Hierarchy.
[2022.03.25-09.27.51:744][  0]LogSlate: Using FreeType 2.10.0
[2022.03.25-09.27.51:744][  0]LogSlate: SlateFontServices - WITH_FREETYPE: 1, WITH_HARFBUZZ: 1
[2022.03.25-09.27.51:766][  0]LogAssetRegistry: FAssetRegistry took 0.0027 seconds to start up
[2022.03.25-09.27.51:999][  0]LogInit: Selected Device Profile: [Windows]
[2022.03.25-09.27.51:999][  0]LogInit: Active device profile: [000001AEB05D5400][000001AEB10950C0 49] Windows
[2022.03.25-09.27.51:999][  0]LogInit: Profiles: [000001AEB05D5400][000001AEB10950C0 49] Windows, [000001AEB057A400][000001AEB10A3240 49] WindowsNoEditor, [000001AEB056BF00][000001AEB10A73C0 49] WindowsServer, [000001AEB05D5600][000001AEB10AB540 49] WindowsClient, [000001AEB057BD00][000001AEAE69B6C0 49] IOS, [000001AEB0568A00][000001AEAE69F840 49] iPadAir, [000001AEB057B200][000001AEAE6A39C0 49] iPadAir2, [000001AEB0520600][000001AEAE6B0100 49] IPadPro, [000001AEB0520700][000001AEAE6A6140 49] iPadAir3, [000001AEB0568200][000001AEAE6BA2C0 49] iPadAir4, [000001AEB0521500][000001AEAE6BE440 49] iPadMini2, [000001AEB056B400][000001AEB1098580 49] iPadMini3, [000001AEB0522100][000001AEAE6C26C0 49] iPadMini4, [000001AEB0569200][000001AEAE6C6800 49] iPadMini5, [000001AEB051BE00][000001AEAE6D2A80 49] iPhone6, [000001AEB051BF00][000001AEAE6CAAC0 49] iPodTouch6, [000001AEB05D7300][000001AEAE78ED80 49] iPhone7, [000001AEB05D5700][000001AEAE78ADC0 49] iPodTouch7, [000001AEB0518700][000001AEAE792F40 49] iPhone5S, [000001AEB0522B00][000001AEAE7970C0 49] iPhone6Plus, [000001AEB0518D00][000001AEAE79B240 49] iPhone6S, [000001AEB0521700][000001AEAE79F3C0 49] iPhone6SPlus, [000001AEB051A400][000001AEAE7A3540 49] iPhone7Plus, [000001AEB0522C00][000001AEAE7A76C0 49] iPhoneSE, [000001AEB0518E00][000001AEAE7AB840 49] iPhone8, [000001AEB0520900][000001AEAE7AF9C0 49] iPhone8Plus, [000001AEB05D7200][000001AEAE7B3B40 49] iPhoneX, [000001AEB0522800][000001AEAE7B6140 49] iPhoneXS, [000001AEB05D5B00][000001AEAE7BA2C0 49] iPhoneXSMax, [000001AEB0520400][000001AEAE7BE440 49] iPhoneXR, [000001AEB05D6D00][000001AEAE7C25C0 49] iPhone11, [000001AEB0520E00][000001AEAE7C6740 49] iPhone11Pro, [000001AEB05D4C00][000001AEAE6CE880 49] iPhone11ProMax, [000001AEB0521800][000001AEAE7CA9C0 49] iPhoneSE2, [000001AEB05D6300][000001AEAE7CEB00 49] iPhone12Mini, [000001AEB0521600][000001AEAE7D6C80 49] iPhone12, [000001AEB05D6500][000001AEAE7DAE00 49] iPhone12Pro, [000001AEB0522500][000001AEAE7DEF80 49] iPhone12ProMax, [000001AEB05D6A00][000001AEAE7E3100 49] iPadPro105, [000001AEB0522700][000001AEAF8A1280 49] iPadPro129, [000001AEB05D5200][000001AEAF8A5400 49] iPadPro97, [000001AEB0522000][000001AEAF8A9580 49] iPadPro2_129, [000001AEB05D7700][000001AEAF8AD700 49] iPad5, [000001AEB0522F00][000001AEAF8B1880 49] iPad6, [000001AEB05D6800][000001AEAF8B5A00 49] iPad7, [000001AEB0523300][000001AEAF8B9B80 49] iPad8, [000001AEB05D5D00][000001AEAF8BC180 49] iPadPro11, [000001AEB0523000][000001AEAF8C0300 49] iPadPro2_11, [000001AEB05D6200][000001AEAF8C4480 49] iPadPro3_129, [000001AEB0520500][000001AEAF8C8600 49] iPadPro4_129, [000001AEB05D4800][000001AEAF8CC780 49] AppleTV, [000001AEB0522D00][000001AEAF8D0900 49] AppleTV4K, [000001AEB05D7100][000001AEAE7D2A40 49] TVOS, [000001AEB0521F00][000001AEAF8D4B80 49] Mac, [000001AEB05D4A00][000001AEAF8D8CC0 49] MacClient, [000001AEB0521400][000001AEAF8E0E40 49] MacNoEditor, [000001AEB05D4300][000001AEAF8E4FC0 49] MacServer, [000001AEB0523A00][000001AEAF8E9140 49] Linux, [000001AEB05D4600][000001AEAF8ED2C0 49] LinuxAArch64, [000001AEB0521000][000001AEAF8F1440 49] LinuxNoEditor, [000001AEB05D4B00][000001AEAF8F55C0 49] LinuxAArch64NoEditor, [000001AEB0521100][000001AEAF8F9740 49] LinuxClient, [000001AEB05D7400][000001AEAF8FD8C0 49] LinuxAArch64Client, [000001AEB0522600][000001AEAF901A40 49] LinuxServer, [000001AEB05D4900][000001AEAF905BC0 49] LinuxAArch64Server, [000001AEB0522200][000001AEAF9081C0 49] Android, [000001AEB05D6900][000001AEAFAD6340 49] Android_Low, [000001AEB056BA00][000001AEAFADA4C0 49] Android_Mid, [000001AEB051BC00][000001AEAFADE640 49] Android_High, [000001AEB056B200][000001AEAFAE27C0 49] Android_Default, [000001AEB051A000][000001AEAFAE6940 49] Android_Adreno4xx, [000001AEB056A400][000001AEAFAEAAC0 49] Android_Adreno5xx_Low, [000001AEB0519600][000001AEAF8DCC00 49] Android_Adreno5xx, [000001AEB056AD00][000001AEAFAEED40 49] Android_Adreno6xx, [000001AEB0518200][000001AEAFAF2E80 49] Android_Adreno6xx_Vulkan, [000001AEB0569100][000001AEAFAF6FC0 49] Android_Mali_T6xx, [000001AEB0519800][000001AEAFAFF140 49] Android_Mali_T7xx, [000001AEB056B500][000001AEAFB032C0 49] Android_Mali_T8xx, [000001AEB0519200][000001AEAFB07440 49] Android_Mali_G71, [000001AEB056A500][000001AEAFB0B5C0 49] Android_Mali_G72, [000001AEB051B500][000001AEAFB0F740 49] Android_Mali_G72_Vulkan, [000001AEB0569F00][000001AEAFB138C0 49] Android_Mali_G76, [000001AEB051B300][000001AEAFB17A40 49] Android_Mali_G76_Vulkan, [000001AEB0569600][000001AEAFB1BBC0 49] Android_Mali_G77, [000001AEB0519C00][000001AEAFB1E1C0 49] Android_Mali_G77_Vulkan, [000001AEB0568500][000001AEAFB22340 49] Android_Mali_G78, [000001AEB051B000][000001AEAFB264C0 49] Android_Mali_G78_Vulkan, [000001AEB056BD00][000001AEAFB2A640 49] Android_Mali_G710, [000001AEB051B700][000001AEAFB2E7C0 49] Android_Mali_G710_Vulkan, [000001AEB056BB00][000001AEAFB32940 49] Android_Vulkan_SM5, [000001AEB0519D00][000001AEAFB36AC0 49] Android_PowerVR_G6xxx, [000001AEB0568700][000001AEAFB3AC40 49] Android_PowerVR_GT7xxx, [000001AEB0519A00][000001AEAFAFAD80 49] Android_PowerVR_GE8xxx, [000001AEB0569500][000001AEAFB3EEC0 49] Android_PowerVR_GM9xxx, [000001AEB0518900][000001AEAFB43000 49] Android_PowerVR_GM9xxx_Vulkan, [000001AEB056A100][000001AEAFB47140 49] Android_TegraK1, [000001AEB051A900][000001AEAFB4F2C0 49] Android_Unknown_Vulkan, [000001AEB0568C00][000001AEB1345440 49] Lumin, [000001AEB051A500][000001AEB13495C0 49] Lumin_Desktop, [000001AEB0569000][000001AEB134D740 49] HoloLens, 
[2022.03.25-09.27.52:120][  0]LogMeshReduction: Using QuadricMeshReduction for automatic static mesh reduction
[2022.03.25-09.27.52:120][  0]LogMeshReduction: Using SimplygonMeshReduction for automatic skeletal mesh reduction
[2022.03.25-09.27.52:120][  0]LogMeshReduction: Using ProxyLODMeshReduction for automatic mesh merging
[2022.03.25-09.27.52:120][  0]LogMeshReduction: No distributed automatic mesh merging module available
[2022.03.25-09.27.52:120][  0]LogMeshMerging: No distributed automatic mesh merging module available
[2022.03.25-09.27.52:137][  0]LogNetVersion: IDLT 1.0.0, NetCL: 17155196, EngineNetVer: 17, GameNetVer: 0 (Checksum: 1853542933)
[2022.03.25-09.27.52:494][  0]LogTexture: Default maximum texture size for cubemaps generated from long-lat sources has been changed from 512 to unlimited. In order to preserve old behaiour for '/Engine/MapTemplates/Sky/DaylightAmbientCubemap.DaylightAmbientCubemap', its maximum texture size has been explicitly set to 512.
[2022.03.25-09.27.52:550][  0]LogHMD: PokeAHoleMaterial loaded successfully
[2022.03.25-09.27.52:560][  0]LogUObjectArray: 17178 objects as part of root set at end of initial load.
[2022.03.25-09.27.52:560][  0]LogUObjectAllocator: 4302048 out of 0 bytes used by permanent object pool.
[2022.03.25-09.27.52:560][  0]LogUObjectArray: CloseDisregardForGC: 0/0 objects in disregard for GC pool
[2022.03.25-09.27.52:754][  0]LogNiagaraDebuggerClient: Niagara Debugger Client Initialized | Session: D49D6D114EAB595E238373ABF7FDA1C9 | Instance: AA8AE0194DEEC1C02D552E9643326349 (DESKTOP-OK57AIK-12252).
[2022.03.25-09.27.52:863][  0]LogTcpMessaging: Initializing TcpMessaging bridge
[2022.03.25-09.27.52:975][  0]LogPython: Using Python 3.7.7
[2022.03.25-09.27.53:464][  0]LogUdpMessaging: Initializing bridge on interface 0.0.0.0:0 to multicast group 230.0.0.1:6666.
[2022.03.25-09.27.53:571][  0]SourceControl: Source control is disabled
[2022.03.25-09.27.53:571][  0]SourceControl: Source control is disabled
[2022.03.25-09.27.53:579][  0]SourceControl: Source control is disabled
[2022.03.25-09.27.53:582][  0]SourceControl: Source control is disabled
[2022.03.25-09.27.53:584][  0]SourceControl: Source control is disabled
[2022.03.25-09.27.53:589][  0]LogUProjectInfo: Found projects:
[2022.03.25-09.27.53:825][  0]LogOpenImageDenoise: OIDN starting up
[2022.03.25-09.27.53:828][  0]LogAndroidPermission: UAndroidPermissionCallbackProxy::GetInstance
[2022.03.25-09.27.53:850][  0]LogAudioCaptureCore: Display: No Audio Capture implementations found. Audio input will be silent.
[2022.03.25-09.27.53:850][  0]LogAudioCaptureCore: Display: No Audio Capture implementations found. Audio input will be silent.
[2022.03.25-09.27.53:971][  0]LogCollectionManager: Loaded 0 collections in 0.002209 seconds
[2022.03.25-09.27.53:998][  0]LogFileCache: Scanning file cache for directory 'C:/Users/maxim/Documents/IDLT/IDLT/Saved/Collections/' took 0.00s
[2022.03.25-09.27.53:998][  0]LogFileCache: Scanning file cache for directory 'C:/Users/maxim/Documents/IDLT/IDLT/Content/Developers/Maxime/Collections/' took 0.00s
[2022.03.25-09.27.53:998][  0]LogFileCache: Scanning file cache for directory 'C:/Users/maxim/Documents/IDLT/IDLT/Content/Collections/' took 0.00s
[2022.03.25-09.27.53:998][  0]LogOcInput: OculusInput pre-init called
[2022.03.25-09.27.54:201][  0]LogEngine: Initializing Engine...
[2022.03.25-09.27.54:203][  0]LogHMD: Failed to enumerate extensions. Please check that you have a valid OpenXR runtime installed.
[2022.03.25-09.27.54:203][  0]LogHMD: Failed to initialize OpenVR with code 110
[2022.03.25-09.27.54:203][  0]LogMagicLeap: Warning: VR disabled because ZI is not enabled.  To enable, in the editor, Edit -> Project Settings -> Plugins -> Magic Leap Plugin -> Enable Zero Iteration
[2022.03.25-09.27.54:204][  0]LogStats: UGameplayTagsManager::InitializeManager -  0.000 s
[2022.03.25-09.27.54:295][  0]LogInit: Initializing FReadOnlyCVARCache
[2022.03.25-09.27.54:304][  0]LogAIModule: Creating AISystem for world Untitled
[2022.03.25-09.27.54:308][  0]LogAudio: Display: Initializing Audio Device Manager...
[2022.03.25-09.27.54:311][  0]LogAudio: Display: Loading Default Audio Settings Objects...
[2022.03.25-09.27.54:312][  0]LogAudio: Display: No default SoundConcurrencyObject specified (or failed to load).
[2022.03.25-09.27.54:312][  0]LogAudio: Display: Audio Device Manager Initialized
[2022.03.25-09.27.54:312][  0]LogAudio: Display: Creating Audio Device:                 Id: 1, Scope: Shared, Realtime: True
[2022.03.25-09.27.54:312][  0]LogAudioMixer: Display: Audio Mixer Platform Settings:
[2022.03.25-09.27.54:312][  0]LogAudioMixer: Display: 	Sample Rate:						  48000
[2022.03.25-09.27.54:312][  0]LogAudioMixer: Display: 	Callback Buffer Frame Size Requested: 1024
[2022.03.25-09.27.54:312][  0]LogAudioMixer: Display: 	Callback Buffer Frame Size To Use:	  1024
[2022.03.25-09.27.54:312][  0]LogAudioMixer: Display: 	Number of buffers to queue:			  2
[2022.03.25-09.27.54:312][  0]LogAudioMixer: Display: 	Max Channels (voices):				  32
[2022.03.25-09.27.54:312][  0]LogAudioMixer: Display: 	Number of Async Source Workers:		  0
[2022.03.25-09.27.54:312][  0]LogAudio: Display: AudioDevice MaxSources: 32
[2022.03.25-09.27.54:312][  0]LogAudio: Display: Audio Spatialization Plugin: None (built-in).
[2022.03.25-09.27.54:312][  0]LogAudio: Display: Audio Reverb Plugin: None (built-in).
[2022.03.25-09.27.54:312][  0]LogAudio: Display: Audio Occlusion Plugin: None (built-in).
[2022.03.25-09.27.54:313][  0]LogAudioMixer: Display: Initializing audio mixer.
[2022.03.25-09.27.54:322][  0]LogAudioMixer: Display: 0: FrontLeft
[2022.03.25-09.27.54:322][  0]LogAudioMixer: Display: 1: FrontRight
[2022.03.25-09.27.54:335][  0]LogAudioMixer: Display: Using Audio Device Headphones (2- HyperX Cloud Flight Wireless Headset)
[2022.03.25-09.27.54:337][  0]LogAudioMixer: Display: Initializing Sound Submixes...
[2022.03.25-09.27.54:339][  0]LogAudioMixer: Display: Creating Master Submix 'MasterSubmixDefault'
[2022.03.25-09.27.54:339][  0]LogAudioMixer: Display: Creating Master Submix 'MasterReverbSubmixDefault'
[2022.03.25-09.27.54:340][  0]LogAudioMixer: Display: Creating Master Submix 'MasterEQSubmixDefault'
[2022.03.25-09.27.54:340][  0]LogAudioMixer: FMixerPlatformXAudio2::StartAudioStream() called
[2022.03.25-09.27.54:340][  0]LogAudioMixer: Display: Output buffers initialized: Frames=1024, Channels=2, Samples=2048
[2022.03.25-09.27.54:341][  0]LogAudioMixer: Display: Starting AudioMixerPlatformInterface::RunInternal()
[2022.03.25-09.27.54:341][  0]LogAudioMixer: Display: FMixerPlatformXAudio2::SubmitBuffer() called for the first time
[2022.03.25-09.27.54:341][  0]LogInit: FAudioDevice initialized.
[2022.03.25-09.27.54:341][  0]LogAudio: Display: Audio Device (ID: 1) registered with world 'Untitled'.
[2022.03.25-09.27.54:341][  0]LogNetVersion: Set ProjectVersion to 1.0.0.0. Version Checksum will be recalculated on next use.
[2022.03.25-09.27.54:390][  0]LogDerivedDataCache: Saved boot cache 0.05s 94MB C:/Users/maxim/AppData/Local/UnrealEngine/4.27/DerivedDataCache/Boot.ddc.
[2022.03.25-09.27.54:390][  0]LogInit: Texture streaming: Enabled
[2022.03.25-09.27.54:401][  0]LogAnalytics: Display: [UEEditor.Rocket.Release] APIServer = https://datarouter.ol.epicgames.com/. AppVersion = 4.27.2-18319896+++UE4+Release-4.27
[2022.03.25-09.27.54:404][  0]LogEngineSessionManager: EngineSessionManager initialized
[2022.03.25-09.27.54:404][  0]LogEditorSessionSummary: Verbose: Initializing EditorSessionSummaryWriter for editor session tracking
[2022.03.25-09.27.54:405][  0]LogEditorSessionSummary: EditorSessionSummaryWriter initialized
[2022.03.25-09.27.54:422][  0]LogInit: Transaction tracking system initialized
[2022.03.25-09.27.54:440][  0]BlueprintLog: New page: Editor Load
[2022.03.25-09.27.54:506][  0]LocalizationService: Localization service is disabled
[2022.03.25-09.27.54:526][  0]TimingProfiler: Initialize
[2022.03.25-09.27.54:526][  0]TimingProfiler: OnSessionChanged
[2022.03.25-09.27.54:526][  0]LoadingProfiler: Initialize
[2022.03.25-09.27.54:526][  0]LoadingProfiler: OnSessionChanged
[2022.03.25-09.27.54:526][  0]NetworkingProfiler: Initialize
[2022.03.25-09.27.54:526][  0]NetworkingProfiler: OnSessionChanged
[2022.03.25-09.27.54:526][  0]MemoryProfiler: Initialize
[2022.03.25-09.27.54:526][  0]MemoryProfiler: OnSessionChanged
[2022.03.25-09.27.54:921][  0]LogFileCache: Scanning file cache for directory 'C:/Users/maxim/Documents/IDLT/IDLT/Content/' took 0.00s
[2022.03.25-09.27.54:921][  0]LogCook: Display: CookSettings for Memory: MemoryMaxUsedVirtual 0MiB, MemoryMaxUsedPhysical 16384MiB, MemoryMinFreeVirtual 0MiB, MemoryMinFreePhysical 1024MiB
[2022.03.25-09.27.54:921][  0]LogCook: Display: Mobile HDR setting 1
[2022.03.25-09.27.55:242][  0]LogInit: Display: Engine is initialized. Leaving FEngineLoop::Init()
[2022.03.25-09.27.55:245][  0]SourceControl: Source control is disabled
[2022.03.25-09.27.55:245][  0]LogUnrealEdMisc: Loading editor; pre map load, took 6.254
[2022.03.25-09.27.55:245][  0]Cmd: MAP LOAD FILE="../../../Engine/Content/Maps/Templates/Template_Default.umap" TEMPLATE=1 SHOWPROGRESS=1 FEATURELEVEL=3
[2022.03.25-09.27.55:245][  0]LightingResults: New page: Lighting Build
[2022.03.25-09.27.55:247][  0]LogWorld: UWorld::CleanupWorld for Untitled, bSessionEnded=true, bCleanupResources=true
[2022.03.25-09.27.55:247][  0]LogSlate: InvalidateAllWidgets triggered.  All widgets were invalidated
[2022.03.25-09.27.55:247][  0]MapCheck: New page: Map Check
[2022.03.25-09.27.55:247][  0]LightingResults: New page: Lighting Build
[2022.03.25-09.27.55:250][  0]LogAudio: Display: Audio Device unregistered from world 'None'.
[2022.03.25-09.27.55:252][  0]LogUObjectHash: Compacting FUObjectHashTables data took   0.81ms
[2022.03.25-09.27.55:304][  0]LogTexture: Display: Building textures: DeprecatedTextureEB9CBE3C423008B5E8E130901E171C89 (BGRA8, 128X128)
[2022.03.25-09.27.55:310][  0]LogAudio: Display: Audio Device (ID: 1) registered with world 'Untitled_1'.
[2022.03.25-09.27.55:311][  0]LogAIModule: Creating AISystem for world Untitled_1
[2022.03.25-09.27.55:317][  0]LogEditorServer: Finished looking for orphan Actors (0.001 secs)
[2022.03.25-09.27.55:324][  0]LogUObjectHash: Compacting FUObjectHashTables data took   0.84ms
[2022.03.25-09.27.55:324][  0]Cmd: MAP CHECKDEP NOCLEARLOG
[2022.03.25-09.27.55:324][  0]MapCheck: Map check complete: 0 Error(s), 0 Warning(s), took 0,214ms to complete.
[2022.03.25-09.27.55:324][  0]LogFileHelpers: Loading map 'Template_Default' took 0.079
[2022.03.25-09.27.55:326][  0]LogUnrealEdMisc: Total Editor Startup Time, took 6.335
[2022.03.25-09.27.55:418][  0]LogSlate: Updating window title bar state: overlay mode, drag disabled, window buttons hidden, title bar hidden
[2022.03.25-09.27.55:424][  0]LogSlate: Updating window title bar state: overlay mode, drag disabled, window buttons hidden, title bar hidden
[2022.03.25-09.27.55:429][  0]LogSlate: Updating window title bar state: overlay mode, drag disabled, window buttons hidden, title bar hidden
[2022.03.25-09.27.55:434][  0]LogSlate: Updating window title bar state: overlay mode, drag disabled, window buttons hidden, title bar hidden
[2022.03.25-09.27.55:447][  0]LogNativeClassHierarchy: Verbose: Native class hierarchy populated in 0.0097 seconds. Added 3822 classes and 928 folders.
[2022.03.25-09.27.55:449][  0]LogNativeClassHierarchy: Verbose: Native class hierarchy updated for 'WidgetCarousel' in 0.0003 seconds. Added 0 classes and 0 folders.
[2022.03.25-09.27.55:450][  0]LogPakFile: PakFile PrimaryIndexSize=187
[2022.03.25-09.27.55:450][  0]LogPakFile: PakFile PathHashIndexSize=101
[2022.03.25-09.27.55:450][  0]LogPakFile: PakFile FullDirectoryIndexSize=148
[2022.03.25-09.27.55:450][  0]LogShaderLibrary: Display: ShaderCodeLibraryPakFileMountedCallback: PakFile 'C:/Program Files/Epic Games/UE_4.27/FeaturePacks/FP_FirstPerson.upack' (chunk index -1, root 'root:/') mounted
[2022.03.25-09.27.55:450][  0]LogShaderLibrary: Display: ShaderCodeLibraryPakFileMountedCallback: pending pak file info (ChunkID:-1 Root:root:/ File:C:/Program Files/Epic Games/UE_4.27/FeaturePacks/FP_FirstPerson.upack)
[2022.03.25-09.27.55:450][  0]LogPakFile: OnPakFileMounted2Time == 0.000045
[2022.03.25-09.27.55:451][  0]LogPakFile: PakFile PrimaryIndexSize=189
[2022.03.25-09.27.55:451][  0]LogPakFile: PakFile PathHashIndexSize=101
[2022.03.25-09.27.55:451][  0]LogPakFile: PakFile FullDirectoryIndexSize=152
[2022.03.25-09.27.55:451][  0]LogShaderLibrary: Display: ShaderCodeLibraryPakFileMountedCallback: PakFile 'C:/Program Files/Epic Games/UE_4.27/FeaturePacks/FP_FirstPersonBP.upack' (chunk index -1, root 'root:/') mounted
[2022.03.25-09.27.55:451][  0]LogShaderLibrary: Display: ShaderCodeLibraryPakFileMountedCallback: pending pak file info (ChunkID:-1 Root:root:/ File:C:/Program Files/Epic Games/UE_4.27/FeaturePacks/FP_FirstPersonBP.upack)
[2022.03.25-09.27.55:451][  0]LogPakFile: OnPakFileMounted2Time == 0.000030
[2022.03.25-09.27.55:451][  0]LogPakFile: PakFile PrimaryIndexSize=191
[2022.03.25-09.27.55:451][  0]LogPakFile: PakFile PathHashIndexSize=101
[2022.03.25-09.27.55:451][  0]LogPakFile: PakFile FullDirectoryIndexSize=160
[2022.03.25-09.27.55:451][  0]LogShaderLibrary: Display: ShaderCodeLibraryPakFileMountedCallback: PakFile 'C:/Program Files/Epic Games/UE_4.27/FeaturePacks/MobileStarterContent.upack' (chunk index -1, root 'root:/') mounted
[2022.03.25-09.27.55:451][  0]LogShaderLibrary: Display: ShaderCodeLibraryPakFileMountedCallback: pending pak file info (ChunkID:-1 Root:root:/ File:C:/Program Files/Epic Games/UE_4.27/FeaturePacks/MobileStarterContent.upack)
[2022.03.25-09.27.55:451][  0]LogPakFile: OnPakFileMounted2Time == 0.000027
[2022.03.25-09.27.55:452][  0]LogPakFile: PakFile PrimaryIndexSize=185
[2022.03.25-09.27.55:452][  0]LogPakFile: PakFile PathHashIndexSize=101
[2022.03.25-09.27.55:452][  0]LogPakFile: PakFile FullDirectoryIndexSize=148
[2022.03.25-09.27.55:452][  0]LogShaderLibrary: Display: ShaderCodeLibraryPakFileMountedCallback: PakFile 'C:/Program Files/Epic Games/UE_4.27/FeaturePacks/StarterContent.upack' (chunk index -1, root 'root:/') mounted
[2022.03.25-09.27.55:452][  0]LogShaderLibrary: Display: ShaderCodeLibraryPakFileMountedCallback: pending pak file info (ChunkID:-1 Root:root:/ File:C:/Program Files/Epic Games/UE_4.27/FeaturePacks/StarterContent.upack)
[2022.03.25-09.27.55:452][  0]LogPakFile: OnPakFileMounted2Time == 0.000029
[2022.03.25-09.27.55:452][  0]LogPakFile: PakFile PrimaryIndexSize=190
[2022.03.25-09.27.55:452][  0]LogPakFile: PakFile PathHashIndexSize=101
[2022.03.25-09.27.55:452][  0]LogPakFile: PakFile FullDirectoryIndexSize=154
[2022.03.25-09.27.55:452][  0]LogShaderLibrary: Display: ShaderCodeLibraryPakFileMountedCallback: PakFile 'C:/Program Files/Epic Games/UE_4.27/FeaturePacks/TP_2DSideScroller.upack' (chunk index -1, root 'root:/') mounted
[2022.03.25-09.27.55:452][  0]LogShaderLibrary: Display: ShaderCodeLibraryPakFileMountedCallback: pending pak file info (ChunkID:-1 Root:root:/ File:C:/Program Files/Epic Games/UE_4.27/FeaturePacks/TP_2DSideScroller.upack)
[2022.03.25-09.27.55:452][  0]LogPakFile: OnPakFileMounted2Time == 0.000027
[2022.03.25-09.27.55:453][  0]LogPakFile: PakFile PrimaryIndexSize=192
[2022.03.25-09.27.55:453][  0]LogPakFile: PakFile PathHashIndexSize=101
[2022.03.25-09.27.55:453][  0]LogPakFile: PakFile FullDirectoryIndexSize=158
[2022.03.25-09.27.55:453][  0]LogShaderLibrary: Display: ShaderCodeLibraryPakFileMountedCallback: PakFile 'C:/Program Files/Epic Games/UE_4.27/FeaturePacks/TP_2DSideScrollerBP.upack' (chunk index -1, root 'root:/') mounted
[2022.03.25-09.27.55:453][  0]LogShaderLibrary: Display: ShaderCodeLibraryPakFileMountedCallback: pending pak file info (ChunkID:-1 Root:root:/ File:C:/Program Files/Epic Games/UE_4.27/FeaturePacks/TP_2DSideScrollerBP.upack)
[2022.03.25-09.27.55:453][  0]LogPakFile: OnPakFileMounted2Time == 0.000027
[2022.03.25-09.27.55:453][  0]LogPakFile: PakFile PrimaryIndexSize=182
[2022.03.25-09.27.55:453][  0]LogPakFile: PakFile PathHashIndexSize=101
[2022.03.25-09.27.55:453][  0]LogPakFile: PakFile FullDirectoryIndexSize=138
[2022.03.25-09.27.55:453][  0]LogShaderLibrary: Display: ShaderCodeLibraryPakFileMountedCallback: PakFile 'C:/Program Files/Epic Games/UE_4.27/FeaturePacks/TP_Flying.upack' (chunk index -1, root 'root:/') mounted
[2022.03.25-09.27.55:453][  0]LogShaderLibrary: Display: ShaderCodeLibraryPakFileMountedCallback: pending pak file info (ChunkID:-1 Root:root:/ File:C:/Program Files/Epic Games/UE_4.27/FeaturePacks/TP_Flying.upack)
[2022.03.25-09.27.55:453][  0]LogPakFile: OnPakFileMounted2Time == 0.000027
[2022.03.25-09.27.55:454][  0]LogPakFile: PakFile PrimaryIndexSize=184
[2022.03.25-09.27.55:454][  0]LogPakFile: PakFile PathHashIndexSize=101
[2022.03.25-09.27.55:454][  0]LogPakFile: PakFile FullDirectoryIndexSize=142
[2022.03.25-09.27.55:454][  0]LogShaderLibrary: Display: ShaderCodeLibraryPakFileMountedCallback: PakFile 'C:/Program Files/Epic Games/UE_4.27/FeaturePacks/TP_FlyingBP.upack' (chunk index -1, root 'root:/') mounted
[2022.03.25-09.27.55:454][  0]LogShaderLibrary: Display: ShaderCodeLibraryPakFileMountedCallback: pending pak file info (ChunkID:-1 Root:root:/ File:C:/Program Files/Epic Games/UE_4.27/FeaturePacks/TP_FlyingBP.upack)
[2022.03.25-09.27.55:454][  0]LogPakFile: OnPakFileMounted2Time == 0.000027
[2022.03.25-09.27.55:454][  0]LogPakFile: PakFile PrimaryIndexSize=188
[2022.03.25-09.27.55:454][  0]LogPakFile: PakFile PathHashIndexSize=101
[2022.03.25-09.27.55:454][  0]LogPakFile: PakFile FullDirectoryIndexSize=150
[2022.03.25-09.27.55:454][  0]LogShaderLibrary: Display: ShaderCodeLibraryPakFileMountedCallback: PakFile 'C:/Program Files/Epic Games/UE_4.27/FeaturePacks/TP_HandheldARBP.upack' (chunk index -1, root 'root:/') mounted
[2022.03.25-09.27.55:454][  0]LogShaderLibrary: Display: ShaderCodeLibraryPakFileMountedCallback: pending pak file info (ChunkID:-1 Root:root:/ File:C:/Program Files/Epic Games/UE_4.27/FeaturePacks/TP_HandheldARBP.upack)
[2022.03.25-09.27.55:454][  0]LogPakFile: OnPakFileMounted2Time == 0.000027
[2022.03.25-09.27.55:455][  0]LogPakFile: PakFile PrimaryIndexSize=182
[2022.03.25-09.27.55:455][  0]LogPakFile: PakFile PathHashIndexSize=101
[2022.03.25-09.27.55:455][  0]LogPakFile: PakFile FullDirectoryIndexSize=138
[2022.03.25-09.27.55:455][  0]LogShaderLibrary: Display: ShaderCodeLibraryPakFileMountedCallback: PakFile 'C:/Program Files/Epic Games/UE_4.27/FeaturePacks/TP_Puzzle.upack' (chunk index -1, root 'root:/') mounted
[2022.03.25-09.27.55:455][  0]LogShaderLibrary: Display: ShaderCodeLibraryPakFileMountedCallback: pending pak file info (ChunkID:-1 Root:root:/ File:C:/Program Files/Epic Games/UE_4.27/FeaturePacks/TP_Puzzle.upack)
[2022.03.25-09.27.55:455][  0]LogPakFile: OnPakFileMounted2Time == 0.000027
[2022.03.25-09.27.55:455][  0]LogPakFile: PakFile PrimaryIndexSize=184
[2022.03.25-09.27.55:455][  0]LogPakFile: PakFile PathHashIndexSize=101
[2022.03.25-09.27.55:455][  0]LogPakFile: PakFile FullDirectoryIndexSize=142
[2022.03.25-09.27.55:455][  0]LogShaderLibrary: Display: ShaderCodeLibraryPakFileMountedCallback: PakFile 'C:/Program Files/Epic Games/UE_4.27/FeaturePacks/TP_PuzzleBP.upack' (chunk index -1, root 'root:/') mounted
[2022.03.25-09.27.55:455][  0]LogShaderLibrary: Display: ShaderCodeLibraryPakFileMountedCallback: pending pak file info (ChunkID:-1 Root:root:/ File:C:/Program Files/Epic Games/UE_4.27/FeaturePacks/TP_PuzzleBP.upack)
[2022.03.25-09.27.55:455][  0]LogPakFile: OnPakFileMounted2Time == 0.000027
[2022.03.25-09.27.55:456][  0]LogPakFile: PakFile PrimaryIndexSize=183
[2022.03.25-09.27.55:456][  0]LogPakFile: PakFile PathHashIndexSize=101
[2022.03.25-09.27.55:456][  0]LogPakFile: PakFile FullDirectoryIndexSize=140
[2022.03.25-09.27.55:456][  0]LogShaderLibrary: Display: ShaderCodeLibraryPakFileMountedCallback: PakFile 'C:/Program Files/Epic Games/UE_4.27/FeaturePacks/TP_Rolling.upack' (chunk index -1, root 'root:/') mounted
[2022.03.25-09.27.55:456][  0]LogShaderLibrary: Display: ShaderCodeLibraryPakFileMountedCallback: pending pak file info (ChunkID:-1 Root:root:/ File:C:/Program Files/Epic Games/UE_4.27/FeaturePacks/TP_Rolling.upack)
[2022.03.25-09.27.55:456][  0]LogPakFile: OnPakFileMounted2Time == 0.000029
[2022.03.25-09.27.55:456][  0]LogPakFile: PakFile PrimaryIndexSize=185
[2022.03.25-09.27.55:456][  0]LogPakFile: PakFile PathHashIndexSize=101
[2022.03.25-09.27.55:456][  0]LogPakFile: PakFile FullDirectoryIndexSize=144
[2022.03.25-09.27.55:456][  0]LogShaderLibrary: Display: ShaderCodeLibraryPakFileMountedCallback: PakFile 'C:/Program Files/Epic Games/UE_4.27/FeaturePacks/TP_RollingBP.upack' (chunk index -1, root 'root:/') mounted
[2022.03.25-09.27.55:456][  0]LogShaderLibrary: Display: ShaderCodeLibraryPakFileMountedCallback: pending pak file info (ChunkID:-1 Root:root:/ File:C:/Program Files/Epic Games/UE_4.27/FeaturePacks/TP_RollingBP.upack)
[2022.03.25-09.27.55:456][  0]LogPakFile: OnPakFileMounted2Time == 0.000027
[2022.03.25-09.27.55:457][  0]LogPakFile: PakFile PrimaryIndexSize=188
[2022.03.25-09.27.55:457][  0]LogPakFile: PakFile PathHashIndexSize=101
[2022.03.25-09.27.55:457][  0]LogPakFile: PakFile FullDirectoryIndexSize=150
[2022.03.25-09.27.55:457][  0]LogShaderLibrary: Display: ShaderCodeLibraryPakFileMountedCallback: PakFile 'C:/Program Files/Epic Games/UE_4.27/FeaturePacks/TP_SideScroller.upack' (chunk index -1, root 'root:/') mounted
[2022.03.25-09.27.55:457][  0]LogShaderLibrary: Display: ShaderCodeLibraryPakFileMountedCallback: pending pak file info (ChunkID:-1 Root:root:/ File:C:/Program Files/Epic Games/UE_4.27/FeaturePacks/TP_SideScroller.upack)
[2022.03.25-09.27.55:457][  0]LogPakFile: OnPakFileMounted2Time == 0.000027
[2022.03.25-09.27.55:457][  0]LogPakFile: PakFile PrimaryIndexSize=190
[2022.03.25-09.27.55:457][  0]LogPakFile: PakFile PathHashIndexSize=101
[2022.03.25-09.27.55:457][  0]LogPakFile: PakFile FullDirectoryIndexSize=154
[2022.03.25-09.27.55:457][  0]LogShaderLibrary: Display: ShaderCodeLibraryPakFileMountedCallback: PakFile 'C:/Program Files/Epic Games/UE_4.27/FeaturePacks/TP_SideScrollerBP.upack' (chunk index -1, root 'root:/') mounted
[2022.03.25-09.27.55:457][  0]LogShaderLibrary: Display: ShaderCodeLibraryPakFileMountedCallback: pending pak file info (ChunkID:-1 Root:root:/ File:C:/Program Files/Epic Games/UE_4.27/FeaturePacks/TP_SideScrollerBP.upack)
[2022.03.25-09.27.55:457][  0]LogPakFile: OnPakFileMounted2Time == 0.000029
[2022.03.25-09.27.55:457][  0]LogPakFile: PakFile PrimaryIndexSize=187
[2022.03.25-09.27.55:458][  0]LogPakFile: PakFile PathHashIndexSize=101
[2022.03.25-09.27.55:458][  0]LogPakFile: PakFile FullDirectoryIndexSize=148
[2022.03.25-09.27.55:458][  0]LogShaderLibrary: Display: ShaderCodeLibraryPakFileMountedCallback: PakFile 'C:/Program Files/Epic Games/UE_4.27/FeaturePacks/TP_ThirdPerson.upack' (chunk index -1, root 'root:/') mounted
[2022.03.25-09.27.55:458][  0]LogShaderLibrary: Display: ShaderCodeLibraryPakFileMountedCallback: pending pak file info (ChunkID:-1 Root:root:/ File:C:/Program Files/Epic Games/UE_4.27/FeaturePacks/TP_ThirdPerson.upack)
[2022.03.25-09.27.55:458][  0]LogPakFile: OnPakFileMounted2Time == 0.000030
[2022.03.25-09.27.55:458][  0]LogPakFile: PakFile PrimaryIndexSize=189
[2022.03.25-09.27.55:458][  0]LogPakFile: PakFile PathHashIndexSize=101
[2022.03.25-09.27.55:458][  0]LogPakFile: PakFile FullDirectoryIndexSize=152
[2022.03.25-09.27.55:458][  0]LogShaderLibrary: Display: ShaderCodeLibraryPakFileMountedCallback: PakFile 'C:/Program Files/Epic Games/UE_4.27/FeaturePacks/TP_ThirdPersonBP.upack' (chunk index -1, root 'root:/') mounted
[2022.03.25-09.27.55:458][  0]LogShaderLibrary: Display: ShaderCodeLibraryPakFileMountedCallback: pending pak file info (ChunkID:-1 Root:root:/ File:C:/Program Files/Epic Games/UE_4.27/FeaturePacks/TP_ThirdPersonBP.upack)
[2022.03.25-09.27.55:458][  0]LogPakFile: OnPakFileMounted2Time == 0.000027
[2022.03.25-09.27.55:458][  0]LogPakFile: PakFile PrimaryIndexSize=183
[2022.03.25-09.27.55:458][  0]LogPakFile: PakFile PathHashIndexSize=101
[2022.03.25-09.27.55:458][  0]LogPakFile: PakFile FullDirectoryIndexSize=140
[2022.03.25-09.27.55:458][  0]LogShaderLibrary: Display: ShaderCodeLibraryPakFileMountedCallback: PakFile 'C:/Program Files/Epic Games/UE_4.27/FeaturePacks/TP_TopDown.upack' (chunk index -1, root 'root:/') mounted
[2022.03.25-09.27.55:459][  0]LogShaderLibrary: Display: ShaderCodeLibraryPakFileMountedCallback: pending pak file info (ChunkID:-1 Root:root:/ File:C:/Program Files/Epic Games/UE_4.27/FeaturePacks/TP_TopDown.upack)
[2022.03.25-09.27.55:459][  0]LogPakFile: OnPakFileMounted2Time == 0.000037
[2022.03.25-09.27.55:459][  0]LogPakFile: PakFile PrimaryIndexSize=185
[2022.03.25-09.27.55:459][  0]LogPakFile: PakFile PathHashIndexSize=101
[2022.03.25-09.27.55:459][  0]LogPakFile: PakFile FullDirectoryIndexSize=144
[2022.03.25-09.27.55:459][  0]LogShaderLibrary: Display: ShaderCodeLibraryPakFileMountedCallback: PakFile 'C:/Program Files/Epic Games/UE_4.27/FeaturePacks/TP_TopDownBP.upack' (chunk index -1, root 'root:/') mounted
[2022.03.25-09.27.55:459][  0]LogShaderLibrary: Display: ShaderCodeLibraryPakFileMountedCallback: pending pak file info (ChunkID:-1 Root:root:/ File:C:/Program Files/Epic Games/UE_4.27/FeaturePacks/TP_TopDownBP.upack)
[2022.03.25-09.27.55:459][  0]LogPakFile: OnPakFileMounted2Time == 0.000029
[2022.03.25-09.27.55:459][  0]LogPakFile: PakFile PrimaryIndexSize=185
[2022.03.25-09.27.55:459][  0]LogPakFile: PakFile PathHashIndexSize=101
[2022.03.25-09.27.55:459][  0]LogPakFile: PakFile FullDirectoryIndexSize=144
[2022.03.25-09.27.55:459][  0]LogShaderLibrary: Display: ShaderCodeLibraryPakFileMountedCallback: PakFile 'C:/Program Files/Epic Games/UE_4.27/FeaturePacks/TP_TwinStick.upack' (chunk index -1, root 'root:/') mounted
[2022.03.25-09.27.55:459][  0]LogShaderLibrary: Display: ShaderCodeLibraryPakFileMountedCallback: pending pak file info (ChunkID:-1 Root:root:/ File:C:/Program Files/Epic Games/UE_4.27/FeaturePacks/TP_TwinStick.upack)
[2022.03.25-09.27.55:459][  0]LogPakFile: OnPakFileMounted2Time == 0.000027
[2022.03.25-09.27.55:460][  0]LogPakFile: PakFile PrimaryIndexSize=187
[2022.03.25-09.27.55:460][  0]LogPakFile: PakFile PathHashIndexSize=101
[2022.03.25-09.27.55:460][  0]LogPakFile: PakFile FullDirectoryIndexSize=148
[2022.03.25-09.27.55:460][  0]LogShaderLibrary: Display: ShaderCodeLibraryPakFileMountedCallback: PakFile 'C:/Program Files/Epic Games/UE_4.27/FeaturePacks/TP_TwinStickBP.upack' (chunk index -1, root 'root:/') mounted
[2022.03.25-09.27.55:460][  0]LogShaderLibrary: Display: ShaderCodeLibraryPakFileMountedCallback: pending pak file info (ChunkID:-1 Root:root:/ File:C:/Program Files/Epic Games/UE_4.27/FeaturePacks/TP_TwinStickBP.upack)
[2022.03.25-09.27.55:460][  0]LogPakFile: OnPakFileMounted2Time == 0.000027
[2022.03.25-09.27.55:460][  0]LogPakFile: PakFile PrimaryIndexSize=183
[2022.03.25-09.27.55:460][  0]LogPakFile: PakFile PathHashIndexSize=101
[2022.03.25-09.27.55:460][  0]LogPakFile: PakFile FullDirectoryIndexSize=140
[2022.03.25-09.27.55:460][  0]LogShaderLibrary: Display: ShaderCodeLibraryPakFileMountedCallback: PakFile 'C:/Program Files/Epic Games/UE_4.27/FeaturePacks/TP_Vehicle.upack' (chunk index -1, root 'root:/') mounted
[2022.03.25-09.27.55:460][  0]LogShaderLibrary: Display: ShaderCodeLibraryPakFileMountedCallback: pending pak file info (ChunkID:-1 Root:root:/ File:C:/Program Files/Epic Games/UE_4.27/FeaturePacks/TP_Vehicle.upack)
[2022.03.25-09.27.55:460][  0]LogPakFile: OnPakFileMounted2Time == 0.000027
[2022.03.25-09.27.55:461][  0]LogPakFile: PakFile PrimaryIndexSize=186
[2022.03.25-09.27.55:461][  0]LogPakFile: PakFile PathHashIndexSize=101
[2022.03.25-09.27.55:461][  0]LogPakFile: PakFile FullDirectoryIndexSize=146
[2022.03.25-09.27.55:461][  0]LogShaderLibrary: Display: ShaderCodeLibraryPakFileMountedCallback: PakFile 'C:/Program Files/Epic Games/UE_4.27/FeaturePacks/TP_VehicleAdv.upack' (chunk index -1, root 'root:/') mounted
[2022.03.25-09.27.55:461][  0]LogShaderLibrary: Display: ShaderCodeLibraryPakFileMountedCallback: pending pak file info (ChunkID:-1 Root:root:/ File:C:/Program Files/Epic Games/UE_4.27/FeaturePacks/TP_VehicleAdv.upack)
[2022.03.25-09.27.55:461][  0]LogPakFile: OnPakFileMounted2Time == 0.000029
[2022.03.25-09.27.55:461][  0]LogPakFile: PakFile PrimaryIndexSize=188
[2022.03.25-09.27.55:461][  0]LogPakFile: PakFile PathHashIndexSize=101
[2022.03.25-09.27.55:461][  0]LogPakFile: PakFile FullDirectoryIndexSize=150
[2022.03.25-09.27.55:461][  0]LogShaderLibrary: Display: ShaderCodeLibraryPakFileMountedCallback: PakFile 'C:/Program Files/Epic Games/UE_4.27/FeaturePacks/TP_VehicleAdvBP.upack' (chunk index -1, root 'root:/') mounted
[2022.03.25-09.27.55:461][  0]LogShaderLibrary: Display: ShaderCodeLibraryPakFileMountedCallback: pending pak file info (ChunkID:-1 Root:root:/ File:C:/Program Files/Epic Games/UE_4.27/FeaturePacks/TP_VehicleAdvBP.upack)
[2022.03.25-09.27.55:461][  0]LogPakFile: OnPakFileMounted2Time == 0.000027
[2022.03.25-09.27.55:462][  0]LogPakFile: PakFile PrimaryIndexSize=185
[2022.03.25-09.27.55:462][  0]LogPakFile: PakFile PathHashIndexSize=101
[2022.03.25-09.27.55:462][  0]LogPakFile: PakFile FullDirectoryIndexSize=144
[2022.03.25-09.27.55:462][  0]LogShaderLibrary: Display: ShaderCodeLibraryPakFileMountedCallback: PakFile 'C:/Program Files/Epic Games/UE_4.27/FeaturePacks/TP_VehicleBP.upack' (chunk index -1, root 'root:/') mounted
[2022.03.25-09.27.55:462][  0]LogShaderLibrary: Display: ShaderCodeLibraryPakFileMountedCallback: pending pak file info (ChunkID:-1 Root:root:/ File:C:/Program Files/Epic Games/UE_4.27/FeaturePacks/TP_VehicleBP.upack)
[2022.03.25-09.27.55:462][  0]LogPakFile: OnPakFileMounted2Time == 0.000030
[2022.03.25-09.27.55:462][  0]LogPakFile: PakFile PrimaryIndexSize=192
[2022.03.25-09.27.55:462][  0]LogPakFile: PakFile PathHashIndexSize=101
[2022.03.25-09.27.55:462][  0]LogPakFile: PakFile FullDirectoryIndexSize=158
[2022.03.25-09.27.55:462][  0]LogShaderLibrary: Display: ShaderCodeLibraryPakFileMountedCallback: PakFile 'C:/Program Files/Epic Games/UE_4.27/FeaturePacks/TP_VirtualRealityBP.upack' (chunk index -1, root 'root:/') mounted
[2022.03.25-09.27.55:462][  0]LogShaderLibrary: Display: ShaderCodeLibraryPakFileMountedCallback: pending pak file info (ChunkID:-1 Root:root:/ File:C:/Program Files/Epic Games/UE_4.27/FeaturePacks/TP_VirtualRealityBP.upack)
[2022.03.25-09.27.55:462][  0]LogPakFile: OnPakFileMounted2Time == 0.000027
[2022.03.25-09.27.55:497][  0]LogNativeClassHierarchy: Verbose: Native class hierarchy updated for 'AddContentDialog' in 0.0002 seconds. Added 0 classes and 0 folders.
[2022.03.25-09.27.55:501][  0]LogNativeClassHierarchy: Verbose: Native class hierarchy updated for 'SceneOutliner' in 0.0002 seconds. Added 2 classes and 0 folders.
[2022.03.25-09.27.55:524][  0]LogSlate: Took 0.000333 seconds to synchronously load lazily loaded font '../../../Engine/Content/Slate/Fonts/Roboto-Regular.ttf' (155K)
[2022.03.25-09.27.55:525][  0]LogSlate: Took 0.000127 seconds to synchronously load lazily loaded font '../../../Engine/Content/Editor/Slate/Fonts/FontAwesome.ttf' (139K)
[2022.03.25-09.27.55:526][  0]LogSlate: Took 0.000139 seconds to synchronously load lazily loaded font '../../../Engine/Content/Slate/Fonts/Roboto-Bold.ttf' (160K)
[2022.03.25-09.27.55:603][  0]LogRenderer: Reallocating scene render targets to support 1168x644 Format 10 NumSamples 1 (Frame:1).
[2022.03.25-09.27.55:668][  0]LogNativeClassHierarchy: Verbose: Native class hierarchy updated for 'HierarchicalLODOutliner' in 0.0002 seconds. Added 0 classes and 0 folders.
[2022.03.25-09.27.55:668][  0]LogLoad: (Engine Initialization) Total time: 6.68 seconds
[2022.03.25-09.27.55:668][  0]LogLoad: (Engine Initialization) Total Blueprint compile time: 0.00 seconds
[2022.03.25-09.27.55:704][  0]LogAssetRegistry: Asset discovery search completed in 3.9383 seconds
[2022.03.25-09.27.55:708][  0]LogCollectionManager: Fixed up redirectors for 0 collections in 0.000002 seconds (updated 0 objects)
[2022.03.25-09.27.55:709][  0]LogContentStreaming: Texture pool size now 1000 MB
[2022.03.25-09.28.01:797][486]LogSlate: Window 'Save Level As' being destroyed
